Log started at 22.05.2024	14:44:30
Number of used processors (NPROC): 12.
Number of mesh partitions (NPART): 12.
Total Physical Memory = 7.37 Gb, Available Physical Memory = 3.03 Gb
Computer name:	LAPTOP-EB2E7OE8
Operating system:	Windows 10 (or higher) (Version 10.0.19045)

SOLIDWORKS 2020 SP4.0
Flow Simulation 2020  x64 / 4995 / MESHER ver. efd_dev.4663_05.07.2019 

Project: C:\Users\PC\Education\2024\FAKI_SKAT2024\Manufacturing\Model\Study1\1\Parametric Study 2\3\3.xmlconfig
Configuration name: Default
Project name: Study
NGK: OFF
MBO: OFF

Mesh generation started:	22.5.2024	14:44:30
-----------------------------------------------------------------------
Mesher option run = eRunMesherNormal
-----------------------------------------------------------------------
Current CPU = 0 sec
-----------------------------------------------------------------------
Geometries initialization:
-----------------------------------------------------------------------
Loading mesh settings (global/local)...
-----------------------------------------------------------------------
Number of geometries from DB: 1
Geometry(0):
	Guid = {00000000-0000-0000-0000-000000000000}
	Fluid..
	1 Body.
	1 Real body.
	-- Bodyset 0 --
		Tolerance=0.000157226.
		29 Face(s).
			29 of b-spline type.
		0 Face(s) that have no ref faces
		8 Plane surface(s).
		4 Cylinder surface(s).
		10 B- surface(s).
		7 Extrude surface(s).
		5520 Triangle(s).
		Getting triangle connectivities from DB: 0.000 s
		79 Edge(s).
			79 of b-spline type.
		BodyGeom reading: 0.006 s.
		28 Reference Face(s).
		5316 Reference Triangles.
		Getting triangle connectivities from DB (Ref): 0.000 s
		BodyGeom Ref reading: 0.001 s.
		Getting triangle connectivities from DB (Extra Triangulation): 0.001 s
Geometry(1):
	Solid.
	-- Bodyset 1 --
	Empty
-----------------------------------------------------------------------
Number of geometries in task: 2
Number of bodysets   in task: 2
-----------------------------------------------------------------------
	Making hash and connectivity for Bodyset ...
		CBodyGeom:
		Hash size: {108, 47, 41}.
		Mesh size: {108, 47, 41}.
		Hashing triangles...Ok.
			axis(0) tr sizes: average=74 max=624
			axis(1) tr sizes: average=25 max=459
			axis(2) tr sizes: average=19 max=154
		Number of t-connected sets:1
			(0) size=5520
		Done.
		CBodyGeomRef:
		Hashing triangles...Ok.
			axis(0) tr sizes: average=66 max=364
			axis(1) tr sizes: average=23 max=445
			axis(2) tr sizes: average=14 max=140
		Done.
	0.00713 s.
Geometries reading and preparing has taken 0.017 s.

Mapped triangles:
Hashing mesh regions data
	Triangles num=414
	Triangles box={3.55096e-05  ,1.11275  ,-0.0179169  ,0.2  ,-0.225  ,1  }
		3d-hash size is 850036 bytes
Hashing geometries triangles
	Triangles num=5520
	Triangles box={-0.179952  ,1.11275  ,-0.114401  ,0.2  ,-0.001524  ,1  }
		3d-hash size is 901488 bytes
Hashing peculiar surfaces triangles
Mapped triangles processed in 0.021 s.
-----------------------------------------------------------------------
Getting sectors:
Number of sectors: 0
-----------------------------------------------------------------------
-----------------------------------------------------------------------

Current CPU = 0 sec

-----------------------------------------------------------------------
Mesh dimensions:
				I[0 ]=108
				I[1 ]=47
				I[2 ]=41

Comp. domain size:
				a[0  ]=-0.95262
				a[1  ]=4.16936
				a[2  ]=-0.765507
				a[3  ]=1.34841
				a[4  ]=0
				a[5  ]=1.524

Fluid calculated			1
Solid calculated			0
-----------------------------------------------------------------------
MESH Build started...
-----------------------------------------------------------------------
Mesh LEVEL = 3
-----------------------------------------------------------------------
Setting regions...OK (0.003 s)
Base mesh info------------------
	2D flag  =0
	Period   =[0, 0, 0]
	Nx=108
		x[0]=-0.95262
		x[1]=-0.888086
		x[2]=-0.826615
		x[3]=-0.768041
		x[4]=-0.712228
		x[5]=-0.659047
		x[6]=-0.608372
		x[7]=-0.560086
		x[8]=-0.514076
		x[9]=-0.470235
		x[10]=-0.42846
		x[11]=-0.388655
		x[12]=-0.350726
		x[13]=-0.314585
		x[14]=-0.280148
		x[15]=-0.247334
		x[16]=-0.214891
		x[17]=-0.182448
		x[18]=-0.150005
		x[19]=-0.117563
		x[20]=-0.0851198
		x[21]=-0.0526769
		x[22]=-0.0202341
		x[23]=0.0122087
		x[24]=0.0446516
		x[25]=0.0770944
		x[26]=0.109537
		x[27]=0.14198
		x[28]=0.174423
		x[29]=0.206866
		x[30]=0.239309
		x[31]=0.271751
		x[32]=0.304194
		x[33]=0.336637
		x[34]=0.36908
		x[35]=0.401523
		x[36]=0.433966
		x[37]=0.466408
		x[38]=0.499413
		x[39]=0.532418
		x[40]=0.565422
		x[41]=0.598427
		x[42]=0.631431
		x[43]=0.664435
		x[44]=0.69744
		x[45]=0.730444
		x[46]=0.763449
		x[47]=0.796453
		x[48]=0.829458
		x[49]=0.862462
		x[50]=0.895467
		x[51]=0.928471
		x[52]=0.961476
		x[53]=0.99448
		x[54]=1.02748
		x[55]=1.06049
		x[56]=1.09349
		x[57]=1.1265
		x[58]=1.1595
		x[59]=1.19251
		x[60]=1.22551
		x[61]=1.25852
		x[62]=1.29152
		x[63]=1.32452
		x[64]=1.35753
		x[65]=1.39053
		x[66]=1.42354
		x[67]=1.45654
		x[68]=1.48955
		x[69]=1.52255
		x[70]=1.55556
		x[71]=1.58856
		x[72]=1.62157
		x[73]=1.65457
		x[74]=1.68757
		x[75]=1.72058
		x[76]=1.75358
		x[77]=1.78659
		x[78]=1.82
		x[79]=1.8551
		x[80]=1.89197
		x[81]=1.93071
		x[82]=1.97139
		x[83]=2.01412
		x[84]=2.05901
		x[85]=2.10617
		x[86]=2.1557
		x[87]=2.20773
		x[88]=2.26239
		x[89]=2.3198
		x[90]=2.3801
		x[91]=2.44345
		x[92]=2.50999
		x[93]=2.57989
		x[94]=2.65331
		x[95]=2.73044
		x[96]=2.81145
		x[97]=2.89656
		x[98]=2.98595
		x[99]=3.07985
		x[100]=3.17849
		x[101]=3.2821
		x[102]=3.39093
		x[103]=3.50526
		x[104]=3.62535
		x[105]=3.75149
		x[106]=3.884
		x[107]=4.02319
		x[108]=4.16936
	Ny=47
		y[0]=-0.765507
		y[1]=-0.707016
		y[2]=-0.651393
		y[3]=-0.598482
		y[4]=-0.548152
		y[5]=-0.500276
		y[6]=-0.454735
		y[7]=-0.411414
		y[8]=-0.370206
		y[9]=-0.331008
		y[10]=-0.293721
		y[11]=-0.258252
		y[12]=-0.224514
		y[13]=-0.19242
		y[14]=-0.158819
		y[15]=-0.125219
		y[16]=-0.0916182
		y[17]=-0.0580177
		y[18]=-0.0244173
		y[19]=0.00918314
		y[20]=0.0427836
		y[21]=0.0748714
		y[22]=0.10696
		y[23]=0.139048
		y[24]=0.171136
		y[25]=0.203224
		y[26]=0.235313
		y[27]=0.267401
		y[28]=0.299611
		y[29]=0.333477
		y[30]=0.369084
		y[31]=0.406522
		y[32]=0.445884
		y[33]=0.487269
		y[34]=0.530782
		y[35]=0.576532
		y[36]=0.624633
		y[37]=0.675208
		y[38]=0.728382
		y[39]=0.784289
		y[40]=0.843071
		y[41]=0.904874
		y[42]=0.969854
		y[43]=1.03817
		y[44]=1.11001
		y[45]=1.18553
		y[46]=1.26494
		y[47]=1.34841
	Nz=41
		z[0]=0
		z[1]=0.0338009
		z[2]=0.067594
		z[3]=0.101387
		z[4]=0.13518
		z[5]=0.168973
		z[6]=0.202766
		z[7]=0.23656
		z[8]=0.270353
		z[9]=0.304146
		z[10]=0.337939
		z[11]=0.371732
		z[12]=0.405525
		z[13]=0.439318
		z[14]=0.473111
		z[15]=0.506904
		z[16]=0.540697
		z[17]=0.574491
		z[18]=0.608284
		z[19]=0.642077
		z[20]=0.67587
		z[21]=0.709663
		z[22]=0.743456
		z[23]=0.777249
		z[24]=0.811042
		z[25]=0.844835
		z[26]=0.878628
		z[27]=0.912422
		z[28]=0.946215
		z[29]=0.980008
		z[30]=1.01392
		z[31]=1.04958
		z[32]=1.08706
		z[33]=1.12647
		z[34]=1.16791
		z[35]=1.21147
		z[36]=1.25726
		z[37]=1.30541
		z[38]=1.35603
		z[39]=1.40924
		z[40]=1.46519
		z[41]=1.524
End of base mesh info---------
Input_mesh_settings--------------------------------
Settings 0----------------
	Scope: GLOBAL
	Type:	------MESHER_SETTINGS----------
	RefAllCells           =0
	RefFluidCells         =0
	RefPartCells          =0
	RefSolidCells         =0
	l_SSFR(Capture crit)  =1
	l_curv(Curvature crit)=0
	l_tol(Tolerance crit) =0
	UseChannelRef         =1
	  NCR_method          =0
	  l_NCR               =1
	  N_gap               =10
	  Use d_NCR_min       =0
	  Use d_NCR_max       =0
	IgnoreThinChannelsHeight         =0
	--END_OF_MESHER_SETTINGS-------
Settings 1----------------
	Scope: SURFACE
	Type:	------MESHER_SETTINGS----------
	RefAllCells           =0
	RefFluidCells         =0
	RefPartCells          =0
	RefSolidCells         =0
	l_SSFR(Capture crit)  =0
	l_curv(Curvature crit)=0
	l_tol(Tolerance crit) =0
	UseChannelRef         =0
	IgnoreThinChannelsHeight         =0
	Distance-level settings ON
	Distance-level settings count 2
	  Distance-level settings pair: {level=3, dist=0.005}
	  Distance-level settings pair: {level=2, dist=0.04}
	--END_OF_MESHER_SETTINGS-------
End of input mesh settings-------------------------

-----------------------------------------------------------------------
Building geometries:
-----------------------------------------------------------------------
Building body-set (0) of geometry Fluid.0.(0). ...

-----------------------------------------------------------------------
Refining by triangulation...
Refinement input: 208116 bricks
Setting regions...OK (0.003 s)
Setting regions...OK (0.003 s)
Setting regions...OK (0.004 s)
Refinement result: 214367 bricks (0.109 s)
Refinement input: 214367 bricks
Refinement result: 214367 bricks (0.008 s)
Collecting and processing rays...OK (0.068 s)
Capturing...OK (0.014 s)
Refining by triangulation takes 0.202 s
-----------------------------------------------------------------------

-----------------------------------------------------------------------
Refining peculiar surfaces...
0 surfaces refined
Refining peculiar surfaces takes 0.001 s
-----------------------------------------------------------------------
Collecting and processing rays...OK (0.002 s)
Capturing...OK (0.001 s)
Collecting and processing rays...OK (0.002 s)
Capturing...OK (0.001 s)
Collecting and processing rays...OK (0.002 s)
Capturing...OK (0.001 s)

-----------------------------------------------------------------------
Base mesh 1 Refining...
Refinement input: 214367 bricks
Refinement result: 214367 bricks (0.004 s)
Collecting and processing rays...OK (0.002 s)
Capturing...OK (0.001 s)
-----------------------------------------------------------------------
Refining channels...
FYI: CNarrowChannelRefiner::RefineChannels_PRLL
FYI: m_iteration_count = 0
FYI: level1 statistics:
     level1_cnt_plus[1]=0;		level1_cnt_minus[1]=0
     level1_cnt_plus[2]=0;		level1_cnt_minus[2]=0
     level1_cnt_plus[3]=0;		level1_cnt_minus[3]=0
     level1_cnt_plus[4]=0;		level1_cnt_minus[4]=0
     level1_cnt_plus[5]=0;		level1_cnt_minus[5]=0
     level1_cnt_plus[6]=0;		level1_cnt_minus[6]=0
     level1_cnt_plus[7]=0;		level1_cnt_minus[7]=0
     level1_cnt_plus[8]=0;		level1_cnt_minus[8]=0
     level1_cnt_plus[9]=0;		level1_cnt_minus[9]=0
FYI: level1 statistics:
     level1_cnt_plus[1]=0;		level1_cnt_minus[1]=0
     level1_cnt_plus[2]=0;		level1_cnt_minus[2]=0
     level1_cnt_plus[3]=0;		level1_cnt_minus[3]=0
     level1_cnt_plus[4]=0;		level1_cnt_minus[4]=0
     level1_cnt_plus[5]=0;		level1_cnt_minus[5]=0
     level1_cnt_plus[6]=0;		level1_cnt_minus[6]=0
     level1_cnt_plus[7]=0;		level1_cnt_minus[7]=0
     level1_cnt_plus[8]=0;		level1_cnt_minus[8]=0
     level1_cnt_plus[9]=0;		level1_cnt_minus[9]=0

-----------------------------------------------------------------------
U-shapes refinement...
Refinement input: 214367 bricks
Setting regions...OK (0.001 s)
Refinement result: 214395 bricks (0.035 s)
Collecting and processing rays...OK (0.003 s)
Capturing...OK (0.001 s)
-----------------------------------------------------------------------

-----------------------------------------------------------------------
Equi Distant Refiner:
- Object 0 refiner:
Marking bricks(17714) (distance calculation, calls=16034) takes 0.01 s
Refinement input: 214395 bricks
Setting regions...OK (0.003 s)
Refinement result: 242318 bricks (0.042 s)
Collecting and processing rays...OK (0.016 s)
Capturing...OK (0.004 s)
Marking bricks(31912) (distance calculation, calls=23618) takes 0.02 s
Refinement input: 242318 bricks
Setting regions...OK (0.004 s)
Refinement result: 297226 bricks (0.050 s)
Collecting and processing rays...OK (0.025 s)
Capturing...OK (0.008 s)
Marking bricks(62752) (distance calculation, calls=40151) takes 0.04 s
Refinement input: 297226 bricks
Setting regions...OK (0.005 s)
Refinement result: 347647 bricks (0.060 s)
Collecting and processing rays...OK (0.027 s)
Capturing...OK (0.008 s)
Marking bricks(57624) (distance calculation, calls=3636) takes 0.00 s
Refinement input: 347647 bricks
Setting regions...OK (0.001 s)
Refinement result: 347647 bricks (0.044 s)
Collecting and processing rays...OK (0.003 s)
Capturing...OK (0.001 s)
- Object 0 refiner takes 0.38 s
Equi Distant Refiner takes 0.38 s
-----------------------------------------------------------------------
Building geometry takes 0.771 s
Geometry Fluid.0.
Total		347647
Partial	38927
Fluid		284615
Solid		24105
Bad		0

/-Ray Intersection---------------/ Time	0.375 s
Calls			38967
CorrectRay Calls	0



-----------------------------------------------------------------------
Building geometries takes 0.792 s
-----------------------------------------------------------------------

-----------------------------------------------------------------------
PostBuilding geometries:
-----------------------------------------------------------------------
PostBuilding body-set (0) geometry Fluid.0. (0)...
Collecting and processing rays...OK (0.003 s)
Capturing...OK (0.001 s)
PostBuilding geometry takes 0.009 s
Geometry Fluid.0.
Total		347647
Partial	38927
Fluid		284615
Solid		24105
Bad		0

-----------------------------------------------------------------------
PostBuilding geometries takes 0.026 s
-----------------------------------------------------------------------
Defect ray count	0
FYI: CNarrowChannelRefiner::RedistributeLevel1_step_1: is finished
FYI: level1 statistics:
     level1_cnt_plus[1]=6210;		level1_cnt_minus[1]=0
     level1_cnt_plus[2]=52617;		level1_cnt_minus[2]=0
     level1_cnt_plus[3]=78755;		level1_cnt_minus[3]=0
     level1_cnt_plus[4]=0;		level1_cnt_minus[4]=0
     level1_cnt_plus[5]=0;		level1_cnt_minus[5]=0
     level1_cnt_plus[6]=0;		level1_cnt_minus[6]=0
     level1_cnt_plus[7]=0;		level1_cnt_minus[7]=0
     level1_cnt_plus[8]=0;		level1_cnt_minus[8]=0
     level1_cnt_plus[9]=0;		level1_cnt_minus[9]=0
FYI: CNarrowChannelRefiner::RedistributeLevel1_step_2: is started
FYI: CNarrowChannelRefiner::RedistributeLevel1_step_2: is finished
FYI: level1 statistics:
     level1_cnt_plus[1]=6240;		level1_cnt_minus[1]=0
     level1_cnt_plus[2]=52617;		level1_cnt_minus[2]=0
     level1_cnt_plus[3]=78755;		level1_cnt_minus[3]=0
     level1_cnt_plus[4]=0;		level1_cnt_minus[4]=0
     level1_cnt_plus[5]=0;		level1_cnt_minus[5]=0
     level1_cnt_plus[6]=0;		level1_cnt_minus[6]=0
     level1_cnt_plus[7]=0;		level1_cnt_minus[7]=0
     level1_cnt_plus[8]=0;		level1_cnt_minus[8]=0
     level1_cnt_plus[9]=0;		level1_cnt_minus[9]=0
FYI: CNarrowChannelRefiner::RedistributeLevel1_step_3: is started
FYI: CNarrowChannelRefiner::RedistributeLevel1_step_3: is finished
RedistributeLevel1 takes:
FYI: level1 statistics:
     level1_cnt_plus[1]=6240;		level1_cnt_minus[1]=425
     level1_cnt_plus[2]=52617;		level1_cnt_minus[2]=1603
     level1_cnt_plus[3]=78755;		level1_cnt_minus[3]=1507
     level1_cnt_plus[4]=0;		level1_cnt_minus[4]=0
     level1_cnt_plus[5]=0;		level1_cnt_minus[5]=0
     level1_cnt_plus[6]=0;		level1_cnt_minus[6]=0
     level1_cnt_plus[7]=0;		level1_cnt_minus[7]=0
     level1_cnt_plus[8]=0;		level1_cnt_minus[8]=0
     level1_cnt_plus[9]=0;		level1_cnt_minus[9]=0
-----------------------------------------------------------------------
MSH format builder (Iteration 0)
-----------------------------------------------------------------------
Memory Working Set Current = 117.20 Mb, Memory Working Set Peak = 135.51 Mb
Process Threads Number: 29
-----------------------------------------------------------------------
Loading geometries triangulation & x-stacks...OK
x-stacks size = 1.48 Mb
Total bricks count: 347647
-----------------------------------------------------------------------
MSH (Real Geometry) format constructor:
	Getting brick sets...OK (0.006 s)
	Min x-stack xeps = 0.000736027
	D / dh / eps [axis=0] = (5.12197, 0.00405535, 4.05535e-06)
	D / dh / eps [axis=1] = (2.11391, 0.00401098, 4.01098e-06)
	D / dh / eps [axis=2] = (1.524, 0.00422414, 4.22414e-06)
	Time (xeps): 0.002 s
Level 3
	Set (0)  size: 40312
	Set (0)  time: 0.125 s
	Set (1)  size: 40312
	Set (1)  time: 0.122 s
Level 2
	Set (0)  size: 27454
	Set (0)  time: 0.007 s
	Set (1)  size: 27452
	Set (1)  time: 0.007 s
Level 1
	Set (0)  size: 2868
	Set (0)  time: 0.003 s
	Set (1)  size: 2865
	Set (1)  time: 0.002 s
Level 0
	Set (0)  size: 103191
	Set (0)  time: 0.018 s
	Set (1)  size: 103193
	Set (1)  time: 0.018 s
Result:
	Bricks number:                        347647

	Memory usage:                         21.177 MB
	Memory usage (per brick):             0.062 KB
	Construction time:                    0.313 s

	Topology features:
	------------------
	- High quality bricks                 100.00 % (347642)
	- Medium quality bricks                 0.00 % (5)
	- Bad quality bricks                    0.00 % (0)
	- Ribs corrected bricks                 0.00 % (0)
	- Points with geom-info (bricks)        0.03 % (119)
	- Points with closest-info (bricks)     0.00 % (0)
	- Triangulated by center (bricks)       0.00 % (15)
	- Facet w-faces mergings (bricks)       0.00 % (0)
	- To refine (bricks)                    0.00 % (0)

-----------------------------------------------------------------------
Memory Working Set Current = 179.83 Mb, Memory Working Set Peak = 179.84 Mb
Process Threads Number: 29
-----------------------------------------------------------------------
-----------------------------------------------------------------------
-----------------------------------------------------------------------
MSH --> BCF format (Iteration 0)...
BCF collector...(remove mode=0)
	Time (alloc counter per brick): 0.007 s
	Brick    count: 347647
	Av.f all count: 323976
	Av.s all count: 63467
	Av.f pid count: 39796
	Av.s pid count: 39362
	Faces fs count: 42101
	Faces ff count: 0
	Faces ss count: 0
	Faces bb count: 0
	Faces fe count: 23786
	Faces se count: 1900
	Faces fw count: 67787
	Faces af count: 965354
	Faces as count: 179843
	Time (all count): 	0.025 s
	Time (bcf alloc): 	0.001 s
	Time (shifts alloc): 	0.015 s
	Time (shifts init): 	0.015 s
	Time (bcf fill): 	0.064 s
	Time (add av to faces): 0.004 s
	Time (add faces to av): 0.053 s
Time (bcf collect): 		0.199 s
	AV checker...
	Time (check av): 	0.064 s
	Subdomain checker...
		Subdomains construction time: 0.087 s.
		Subdomains sort time: 0.000 s.
			Subdomain 0 (geom_ind=0): 323976 av
			Subdomain 1 (geom_ind=1): 63467 av
		gi: 0, subdomains: 1, real bodies: 1
		gi: 1, subdomains: 1, real bodies: 0
		Defect subdomains: 0
	Time (check subdoms): 	0.091 s
Time (bcf iteration total): 	0.357 s
	Time (fw-nb): 		0.003 s
	Fixed mutual fw-nb:     3803 (bb: 0)
	Time (fw-nb mutual): 	0.005 s
	Time (fw-nb sort): 	0.002 s
	Fw-opt BEFORE total:    67787 (fs=42101, ff=0, ss=0)
	Fw-opt AFTER  total:    67030 (fs=41344, ff=0, ss=0, failed fw/br=0/1, big_curv=13, big_poly=0)
	Fw-opt RESULT:          757 (res/(fs+ff+ss) = 1.80 %)
	Time (fw-opt): 		0.007 s
	Time (fw-re-order): 	0.011 s
	Time (fw-nb): 		0.014 s
	Fixed mutual fw-nb:     134387 (bb: 0)
	Time (fw-nb mutual): 	0.011 s
	Time (fw-nb sort): 	0.003 s
	Time (rfd fix): 	0.000 s
	Time (av convexity): 	0.008 s
	Time (av small volume): 0.003 s
	Time (diagonal fw-nb): 	0.042 s
	Fixed mutual fw-nb:     0 (bb: 0)
	Time (fw-nb mutual): 	0.005 s
	Time (fw-nb sort): 	0.003 s
	Fluid subdomains: 1
	Faces fw-nb diff sd:    0
	Time (fw-nb diff sd): 	0.089 s
Time (bcf calc): 		0.241 s
-----------------------------------------------------------------------
Time (bcf total): 		0.598 s
-----------------------------------------------------------------------
-----------------------------------------------------------------------
Mega-cv constructor for fluid...
	 0 av's is treated as thin
Relative size generator (threshold = 0.05)...
	Iteration 1 (small cluster count = 2389)
	Iteration 2 (small cluster count = 1342)
	Iteration 3 (small cluster count = 306)
	Iteration 4 (small cluster count = 31)
	Iteration 5 (small cluster count = 0)
	 2389 mega-cv's generated
	 0 mega-cv's removed
Relative size generator is completed OK (0.022 s)
Apply fa-rules to mega-cv clusters fixes...
OK (0.003 s)
Convert clusters:
	 2389 mega-cv's total
Mega-cv count: 2389
Time (mega-cv fill): 	0.002 s
Time (mega-cv total): 	0.163 s
-----------------------------------------------------------------------
Mixing plane rotation regions: NO.
Sliding mesh rotation regions: NO.
Fluid/fluid faces: NO.
----------------------------------------------------------
BCF --> BCF.GEOMSUBDOM (bridge arrays):
MESH (0):
	Fluid Subdom Constructor: 1 subdom(s).
	Solid Subdom Constructor: 1 subdom(s).
	Net Asm Subdom Constructor: 0 subdom(s).
	GEOMSUBDOM (0): gi=0 fluid av=323976 cv=321587 fa=965354 fb=0 fw=65130 V=1.649230e+01
	Cache data...OK
	GEOMSUBDOM (1): gi=1 solid av=63467 cv=63467 fa=179843 fb=0 fw=43244 V=8.692859e-03
	Cache data...OK
	Setting nb of w-faces...OK (0.014 s).
	Correcting nb of w-faces...
	Time(correct_fw_nb)=0.010 s

MESH (0) checking:
	GEOMSUBDOM (0):fa_s=1148.0520096149682558 fb_s=0.0000000000000000 fw_s=44.3209068385137357 fw_nb=521522
	              :d_const(115508)=2.67439e-11 d_linear(115508)=1.54991e-10
	GEOMSUBDOM (1):fa_s=3.3878477207900710 fb_s=0.0000000000000000 fw_s=0.8453534726135314 fw_nb=338064
	              :d_const(63282)=3.70595e-10 d_linear(63282)=2.63425e-09
MESH (0) checking: OK.
Time (MDS): 	0.692 s
----------------------------------------------------------

-----------------------------------------------------------------------
BCF CHECKSUM DATA (Mesh 0):

BRICK |Level1| Sum:               355891
FACE_A Area Sum:   G.Fluid        1148.0520096149621168
FACE_A Area Sum:   G.Solid        3.3878477207900826
FACE_W Area Sum:                  44.4380485154719693
FACE_W Nb   Sum:                  529578
FACE_W min curvatures sum:        -2272.17311211
FACE_W max curvatures sum:        1022792.36940401
AV Max Disbalance(Const) :        3.70595e-10 (cid=13753, t={435, 199, 2}, avid=329822, pid=3672)
AV Max Disbalance(Linear):        2.63425e-09 (cid=13753, t={435, 199, 2}, avid=329822, pid=3672)
-----------------------------------------------------------------------


-----------------------------------------------------------------------
MESHER TOPOLOGY DATA:

BRICKS: Total                 347647
BRICKS: 1-CV                  308285
BRICKS: 2-CV                  38928
BRICKS: 3-CV                  434
BRICKS: Bad                   0

AV:     G.Total               387443
AV:     G.Fluid               323976
AV:     G.Solid               63467

AV:     G.Fluid Thin Profile    0.00 % (0)
AV:     G.Solid Thin Profile    0.68 % (434)

AV:     G.Fluid Thin For Mega   0.00 % (0)
AV:     G.Solid Thin For Mega   0.67 % (428)

AV:     G.Fluid Non-Convex      0.37 % (1214)
AV:     G.Solid Non-Convex      0.49 % (313)

AV:     G.Fluid Non-Ess-Convex      0.28 % (917)
AV:     G.Solid Non-Ess-Convex      0.37 % (236)

FACE_A: G.Fluid          (af) 965354 (partially opened 79514)
FACE_A: G.Solid          (as) 179843 (partially opened 78645)

FACE_B: G.Total          (b)  0

FACE_W: G.Total                 67030       Brick/Bound
FACE_W: G.Fluid/Solid    (fs_g) 41344       0           
FACE_W: G.Fluid/Fluid    (ff_g) 0           0           
FACE_W: G.Solid/Solid    (ss_g) 0           0           
FACE_W: G.Fluid/External (fe_g) 23786
FACE_W: G.Solid/External (se_g) 1900

AV/CV max fa count (on brick side):5
AV/CV max fw count:                5
AV/CV max fb count:                0
AV/CV max fw poly count:           13

MEMORY: Total                   118.356 MB
MEMORY: Per Brick               0.349 KB
-----------------------------------------------------------------------

-----------------------------------------------------------------------
Connectivities information:
	Number of conns: 0
-----------------------------------------------------------------------
	Time (gap size): 	0.134 s
-----------------------------------------------------------------------
Calculating curvature and tolerance criteria...
Curvature: min=0 max=3.14159
Tolerance: min=0 max=0.0156581
Calculating curvature and tolerance criteria takes 0.096 s
-----------------------------------------------------------------------
MESH Build(FS) finished. Time=3.278 s
-----------------------------------------------------------------------
Current CPU = 3 sec

Nx=108
Ny=47
Nz=41
Max BRICK Level=3
Mesh Level=3
-----------------CModelBodies2MeshMapper::CollectData started -------------------------------
-----------------CModelBodies2MeshMapper Report -------------------------------
FluidDomains 1 SolidDomains 1 VoidDomains 0 
Domains RefIndexes
Domain 0, Index count 25
Domain 1, Index count 25
----------------- -------------------------------
	ModelBodies
Total resolved Bodies 0 BodySets 0

--------------------------------------------------------------------------
	Positive geometry Bodies
Total resolved Bodies 1 BodySets 1
BodySet 0
	Bodies list:
			#0	Name: ;	ID: 19b75566-d176-466c-a4ee-450ac2289509
	Domains list:		 0 

--------------------------------------------------------------------------
	Fluid regions
Total resolved Bodies 1 BodySets 1
BodySet 0	Material: Air; 
	Bodies list:
			#0	Name: ;	ID: 19b75566-d176-466c-a4ee-450ac2289509
	Domains list:		 0 

--------------------------------------------------------------------------
-----------------CModelBodies2MeshMapper::CollectData finished successfully-------------------
Saving initial mesh in: C:\Users\PC\Education\2024\FAKI_SKAT2024\Manufacturing\Model\Study1\1\Parametric Study 2\3\3.fld .
Storing results...
Estimated CPT size=48.390 MB.
	Time (write bcf): 1.207 s
OK
-----------------------------------------------------------------------
Memory Working Set Current = 483.41 Mb, Memory Working Set Peak = 485.55 Mb
Process Threads Number: 29
-----------------------------------------------------------------------
Cleaning memory...
		Time (free xsl):                    	0.006 s
Free Geometry DB takes 0.000 s
	Time (free bcf): 	0.066 s
		Time (free bcf mesh):               	0.196 s
	Time (free mesher data):              	0.204 s
Copying... OK
Mesh generation normally finished at	22.5.2024	14:44:34
Mesher CPU = 4 sec
Mesher is finished at	22.5.2024	14:44:34
-----------------------------------------------------------------------
Memory Working Set Current = 60.87 Mb, Memory Working Set Peak = 485.55 Mb
Process Threads Number: 29
-----------------------------------------------------------------------
Algebra Pool      : mem_usage = 9.00 Mb, allocated count = 0
Log ended at 22.05.2024	14:44:34
