Log started at 22.05.2024	15:04:49
Number of used processors (NPROC): 12.
Number of mesh partitions (NPART): 12.
Total Physical Memory = 7.37 Gb, Available Physical Memory = 2.11 Gb
Computer name:	LAPTOP-EB2E7OE8
Operating system:	Windows 10 (or higher) (Version 10.0.19045)

SOLIDWORKS 2020 SP4.0
Flow Simulation 2020  x64 / 4995 / MESHER ver. efd_dev.4663_05.07.2019 

Project: C:\Users\PC\Education\2024\FAKI_SKAT2024\Manufacturing\Model\Study1\1\Parametric Study 2\6\6.xmlconfig
Configuration name: Default
Project name: Study
NGK: OFF
MBO: OFF

Mesh generation started:	22.5.2024	15:4:49
-----------------------------------------------------------------------
Mesher option run = eRunMesherNormal
-----------------------------------------------------------------------
Current CPU = 0 sec
-----------------------------------------------------------------------
Geometries initialization:
-----------------------------------------------------------------------
Loading mesh settings (global/local)...
-----------------------------------------------------------------------
Number of geometries from DB: 1
Geometry(0):
	Guid = {00000000-0000-0000-0000-000000000000}
	Fluid..
	1 Body.
	1 Real body.
	-- Bodyset 0 --
		Tolerance=0.000157226.
		29 Face(s).
			29 of b-spline type.
		0 Face(s) that have no ref faces
		8 Plane surface(s).
		4 Cylinder surface(s).
		10 B- surface(s).
		7 Extrude surface(s).
		5520 Triangle(s).
		Getting triangle connectivities from DB: 0.000 s
		79 Edge(s).
			79 of b-spline type.
		BodyGeom reading: 0.006 s.
		28 Reference Face(s).
		5316 Reference Triangles.
		Getting triangle connectivities from DB (Ref): 0.001 s
		BodyGeom Ref reading: 0.001 s.
		Getting triangle connectivities from DB (Extra Triangulation): 0.001 s
Geometry(1):
	Solid.
	-- Bodyset 1 --
	Empty
-----------------------------------------------------------------------
Number of geometries in task: 2
Number of bodysets   in task: 2
-----------------------------------------------------------------------
	Making hash and connectivity for Bodyset ...
		CBodyGeom:
		Hash size: {103, 46, 39}.
		Mesh size: {103, 46, 39}.
		Hashing triangles...Ok.
			axis(0) tr sizes: average=78 max=648
			axis(1) tr sizes: average=26 max=349
			axis(2) tr sizes: average=19 max=155
		Number of t-connected sets:1
			(0) size=5520
		Done.
		CBodyGeomRef:
		Hashing triangles...Ok.
			axis(0) tr sizes: average=66 max=433
			axis(1) tr sizes: average=25 max=343
			axis(2) tr sizes: average=15 max=145
		Done.
	0.00802 s.
Geometries reading and preparing has taken 0.019 s.

Mapped triangles:
Hashing mesh regions data
	Triangles num=414
	Triangles box={3.55096e-05  ,1.11275  ,-0.0179169  ,0.2  ,-0.225  ,1  }
		3d-hash size is 755344 bytes
Hashing geometries triangles
	Triangles num=5520
	Triangles box={-0.179952  ,1.11275  ,-0.114401  ,0.2  ,-0.001524  ,1  }
		3d-hash size is 804704 bytes
Hashing peculiar surfaces triangles
Mapped triangles processed in 0.020 s.
-----------------------------------------------------------------------
Getting sectors:
Number of sectors: 0
-----------------------------------------------------------------------
-----------------------------------------------------------------------

Current CPU = 0 sec

-----------------------------------------------------------------------
Mesh dimensions:
				I[0 ]=103
				I[1 ]=46
				I[2 ]=39

Comp. domain size:
				a[0  ]=-0.95262
				a[1  ]=4.16936
				a[2  ]=-0.765507
				a[3  ]=1.34841
				a[4  ]=0
				a[5  ]=1.524

Fluid calculated			1
Solid calculated			0
-----------------------------------------------------------------------
MESH Build started...
-----------------------------------------------------------------------
Mesh LEVEL = 3
-----------------------------------------------------------------------
Setting regions...OK (0.003 s)
Base mesh info------------------
	2D flag  =0
	Period   =[0, 0, 0]
	Nx=103
		x[0]=-0.95262
		x[1]=-0.884994
		x[2]=-0.82064
		x[3]=-0.759379
		x[4]=-0.701062
		x[5]=-0.645547
		x[6]=-0.592701
		x[7]=-0.542394
		x[8]=-0.494504
		x[9]=-0.448917
		x[10]=-0.40552
		x[11]=-0.364209
		x[12]=-0.324883
		x[13]=-0.287447
		x[14]=-0.25181
		x[15]=-0.215899
		x[16]=-0.179988
		x[17]=-0.144077
		x[18]=-0.108166
		x[19]=-0.0722552
		x[20]=-0.0363442
		x[21]=-0.000433256
		x[22]=0.0354777
		x[23]=0.0713887
		x[24]=0.1073
		x[25]=0.143211
		x[26]=0.179122
		x[27]=0.215033
		x[28]=0.250944
		x[29]=0.286855
		x[30]=0.322766
		x[31]=0.358677
		x[32]=0.394588
		x[33]=0.430499
		x[34]=0.46641
		x[35]=0.5014
		x[36]=0.536391
		x[37]=0.571382
		x[38]=0.606373
		x[39]=0.641364
		x[40]=0.676355
		x[41]=0.711346
		x[42]=0.746337
		x[43]=0.781329
		x[44]=0.81632
		x[45]=0.851311
		x[46]=0.886302
		x[47]=0.921293
		x[48]=0.956284
		x[49]=0.991275
		x[50]=1.02627
		x[51]=1.06126
		x[52]=1.09625
		x[53]=1.13124
		x[54]=1.16623
		x[55]=1.20122
		x[56]=1.23621
		x[57]=1.2712
		x[58]=1.30619
		x[59]=1.34118
		x[60]=1.37618
		x[61]=1.41117
		x[62]=1.44616
		x[63]=1.48115
		x[64]=1.51614
		x[65]=1.55113
		x[66]=1.58612
		x[67]=1.62111
		x[68]=1.6561
		x[69]=1.6911
		x[70]=1.72609
		x[71]=1.76108
		x[72]=1.79607
		x[73]=1.83106
		x[74]=1.86632
		x[75]=1.90333
		x[76]=1.9422
		x[77]=1.983
		x[78]=2.02584
		x[79]=2.07082
		x[80]=2.11804
		x[81]=2.16761
		x[82]=2.21966
		x[83]=2.27431
		x[84]=2.33169
		x[85]=2.39192
		x[86]=2.45517
		x[87]=2.52157
		x[88]=2.59128
		x[89]=2.66447
		x[90]=2.74131
		x[91]=2.82199
		x[92]=2.90669
		x[93]=2.99562
		x[94]=3.08898
		x[95]=3.18701
		x[96]=3.28992
		x[97]=3.39798
		x[98]=3.51142
		x[99]=3.63052
		x[100]=3.75557
		x[101]=3.88685
		x[102]=4.02469
		x[103]=4.16936
	Ny=46
		y[0]=-0.765507
		y[1]=-0.707044
		y[2]=-0.651332
		y[3]=-0.598226
		y[4]=-0.547604
		y[5]=-0.499351
		y[6]=-0.453355
		y[7]=-0.409511
		y[8]=-0.367717
		y[9]=-0.327879
		y[10]=-0.289905
		y[11]=-0.253707
		y[12]=-0.219202
		y[13]=-0.186312
		y[14]=-0.153584
		y[15]=-0.120856
		y[16]=-0.0881281
		y[17]=-0.0554002
		y[18]=-0.0226724
		y[19]=0.0100555
		y[20]=0.0427833
		y[21]=0.0787369
		y[22]=0.11469
		y[23]=0.150642
		y[24]=0.186595
		y[25]=0.222548
		y[26]=0.2585
		y[27]=0.294453
		y[28]=0.32858
		y[29]=0.364453
		y[30]=0.402161
		y[31]=0.441795
		y[32]=0.483457
		y[33]=0.527248
		y[34]=0.573278
		y[35]=0.621661
		y[36]=0.672517
		y[37]=0.725974
		y[38]=0.782164
		y[39]=0.841226
		y[40]=0.903308
		y[41]=0.968564
		y[42]=1.03716
		y[43]=1.10925
		y[44]=1.18504
		y[45]=1.2647
		y[46]=1.34841
	Nz=39
		z[0]=0
		z[1]=0.0363047
		z[2]=0.072601
		z[3]=0.108897
		z[4]=0.145194
		z[5]=0.18149
		z[6]=0.217786
		z[7]=0.254082
		z[8]=0.290379
		z[9]=0.326675
		z[10]=0.362971
		z[11]=0.399268
		z[12]=0.435564
		z[13]=0.47186
		z[14]=0.508157
		z[15]=0.544453
		z[16]=0.580749
		z[17]=0.617045
		z[18]=0.653342
		z[19]=0.689638
		z[20]=0.725934
		z[21]=0.762231
		z[22]=0.798527
		z[23]=0.834823
		z[24]=0.871119
		z[25]=0.907416
		z[26]=0.943712
		z[27]=0.980008
		z[28]=1.01445
		z[29]=1.05057
		z[30]=1.08845
		z[31]=1.12817
		z[32]=1.16982
		z[33]=1.2135
		z[34]=1.25931
		z[35]=1.30734
		z[36]=1.35771
		z[37]=1.41053
		z[38]=1.46593
		z[39]=1.524
End of base mesh info---------
Input_mesh_settings--------------------------------
Settings 0----------------
	Scope: GLOBAL
	Type:	------MESHER_SETTINGS----------
	RefAllCells           =0
	RefFluidCells         =0
	RefPartCells          =0
	RefSolidCells         =0
	l_SSFR(Capture crit)  =1
	l_curv(Curvature crit)=0
	l_tol(Tolerance crit) =0
	UseChannelRef         =1
	  NCR_method          =0
	  l_NCR               =1
	  N_gap               =10
	  Use d_NCR_min       =0
	  Use d_NCR_max       =0
	IgnoreThinChannelsHeight         =0
	--END_OF_MESHER_SETTINGS-------
Settings 1----------------
	Scope: SURFACE
	Type:	------MESHER_SETTINGS----------
	RefAllCells           =0
	RefFluidCells         =0
	RefPartCells          =0
	RefSolidCells         =0
	l_SSFR(Capture crit)  =0
	l_curv(Curvature crit)=0
	l_tol(Tolerance crit) =0
	UseChannelRef         =0
	IgnoreThinChannelsHeight         =0
	Distance-level settings ON
	Distance-level settings count 2
	  Distance-level settings pair: {level=3, dist=0.005}
	  Distance-level settings pair: {level=2, dist=0.04}
	--END_OF_MESHER_SETTINGS-------
End of input mesh settings-------------------------

-----------------------------------------------------------------------
Building geometries:
-----------------------------------------------------------------------
Building body-set (0) of geometry Fluid.0.(0). ...

-----------------------------------------------------------------------
Refining by triangulation...
Refinement input: 184782 bricks
Setting regions...OK (0.003 s)
Setting regions...OK (0.003 s)
Setting regions...OK (0.003 s)
Refinement result: 190158 bricks (0.092 s)
Refinement input: 190158 bricks
Refinement result: 190158 bricks (0.007 s)
Collecting and processing rays...OK (0.068 s)
Capturing...OK (0.014 s)
Refining by triangulation takes 0.182 s
-----------------------------------------------------------------------

-----------------------------------------------------------------------
Refining peculiar surfaces...
0 surfaces refined
Refining peculiar surfaces takes 0 s
-----------------------------------------------------------------------
Collecting and processing rays...OK (0.002 s)
Capturing...OK (0.001 s)
Collecting and processing rays...OK (0.002 s)
Capturing...OK (0.001 s)
Collecting and processing rays...OK (0.002 s)
Capturing...OK (0.001 s)

-----------------------------------------------------------------------
Base mesh 1 Refining...
Refinement input: 190158 bricks
Refinement result: 190158 bricks (0.003 s)
Collecting and processing rays...OK (0.002 s)
Capturing...OK (0.001 s)
-----------------------------------------------------------------------
Refining channels...
FYI: CNarrowChannelRefiner::RefineChannels_PRLL
FYI: m_iteration_count = 0
FYI: level1 statistics:
     level1_cnt_plus[1]=0;		level1_cnt_minus[1]=0
     level1_cnt_plus[2]=0;		level1_cnt_minus[2]=0
     level1_cnt_plus[3]=0;		level1_cnt_minus[3]=0
     level1_cnt_plus[4]=0;		level1_cnt_minus[4]=0
     level1_cnt_plus[5]=0;		level1_cnt_minus[5]=0
     level1_cnt_plus[6]=0;		level1_cnt_minus[6]=0
     level1_cnt_plus[7]=0;		level1_cnt_minus[7]=0
     level1_cnt_plus[8]=0;		level1_cnt_minus[8]=0
     level1_cnt_plus[9]=0;		level1_cnt_minus[9]=0
FYI: level1 statistics:
     level1_cnt_plus[1]=0;		level1_cnt_minus[1]=0
     level1_cnt_plus[2]=0;		level1_cnt_minus[2]=0
     level1_cnt_plus[3]=0;		level1_cnt_minus[3]=0
     level1_cnt_plus[4]=0;		level1_cnt_minus[4]=0
     level1_cnt_plus[5]=0;		level1_cnt_minus[5]=0
     level1_cnt_plus[6]=0;		level1_cnt_minus[6]=0
     level1_cnt_plus[7]=0;		level1_cnt_minus[7]=0
     level1_cnt_plus[8]=0;		level1_cnt_minus[8]=0
     level1_cnt_plus[9]=0;		level1_cnt_minus[9]=0

-----------------------------------------------------------------------
U-shapes refinement...
Refinement input: 190158 bricks
Refinement result: 190158 bricks (0.014 s)
Collecting and processing rays...OK (0.002 s)
Capturing...OK (0.001 s)
-----------------------------------------------------------------------

-----------------------------------------------------------------------
Equi Distant Refiner:
- Object 0 refiner:
Marking bricks(15519) (distance calculation, calls=14000) takes 0.00 s
Refinement input: 190158 bricks
Setting regions...OK (0.003 s)
Refinement result: 214434 bricks (0.036 s)
Collecting and processing rays...OK (0.022 s)
Capturing...OK (0.004 s)
Marking bricks(27744) (distance calculation, calls=21400) takes 0.02 s
Refinement input: 214434 bricks
Setting regions...OK (0.004 s)
Refinement result: 259871 bricks (0.053 s)
Collecting and processing rays...OK (0.022 s)
Capturing...OK (0.008 s)
Marking bricks(51928) (distance calculation, calls=35512) takes 0.04 s
Refinement input: 259871 bricks
Setting regions...OK (0.004 s)
Refinement result: 306435 bricks (0.079 s)
Collecting and processing rays...OK (0.028 s)
Capturing...OK (0.008 s)
Marking bricks(53216) (distance calculation, calls=2616) takes 0.00 s
Refinement input: 306435 bricks
Setting regions...OK (0.002 s)
Refinement result: 306435 bricks (0.047 s)
Collecting and processing rays...OK (0.003 s)
Capturing...OK (0.001 s)
- Object 0 refiner takes 0.40 s
Equi Distant Refiner takes 0.40 s
-----------------------------------------------------------------------
Building geometry takes 0.766 s
Geometry Fluid.0.
Total		306435
Partial	33102
Fluid		253584
Solid		19749
Bad		0

/-Ray Intersection---------------/ Time	0.385 s
Calls			34406
CorrectRay Calls	0



-----------------------------------------------------------------------
Building geometries takes 0.79 s
-----------------------------------------------------------------------

-----------------------------------------------------------------------
PostBuilding geometries:
-----------------------------------------------------------------------
PostBuilding body-set (0) geometry Fluid.0. (0)...
Collecting and processing rays...OK (0.003 s)
Capturing...OK (0.001 s)
PostBuilding geometry takes 0.009 s
Geometry Fluid.0.
Total		306435
Partial	33102
Fluid		253584
Solid		19749
Bad		0

-----------------------------------------------------------------------
PostBuilding geometries takes 0.034 s
-----------------------------------------------------------------------
Defect ray count	0
FYI: CNarrowChannelRefiner::RedistributeLevel1_step_1: is finished
FYI: level1 statistics:
     level1_cnt_plus[1]=6122;		level1_cnt_minus[1]=0
     level1_cnt_plus[2]=45967;		level1_cnt_minus[2]=0
     level1_cnt_plus[3]=67993;		level1_cnt_minus[3]=0
     level1_cnt_plus[4]=0;		level1_cnt_minus[4]=0
     level1_cnt_plus[5]=0;		level1_cnt_minus[5]=0
     level1_cnt_plus[6]=0;		level1_cnt_minus[6]=0
     level1_cnt_plus[7]=0;		level1_cnt_minus[7]=0
     level1_cnt_plus[8]=0;		level1_cnt_minus[8]=0
     level1_cnt_plus[9]=0;		level1_cnt_minus[9]=0
FYI: CNarrowChannelRefiner::RedistributeLevel1_step_2: is started
FYI: CNarrowChannelRefiner::RedistributeLevel1_step_2: is finished
FYI: level1 statistics:
     level1_cnt_plus[1]=6151;		level1_cnt_minus[1]=0
     level1_cnt_plus[2]=45967;		level1_cnt_minus[2]=0
     level1_cnt_plus[3]=67993;		level1_cnt_minus[3]=0
     level1_cnt_plus[4]=0;		level1_cnt_minus[4]=0
     level1_cnt_plus[5]=0;		level1_cnt_minus[5]=0
     level1_cnt_plus[6]=0;		level1_cnt_minus[6]=0
     level1_cnt_plus[7]=0;		level1_cnt_minus[7]=0
     level1_cnt_plus[8]=0;		level1_cnt_minus[8]=0
     level1_cnt_plus[9]=0;		level1_cnt_minus[9]=0
FYI: CNarrowChannelRefiner::RedistributeLevel1_step_3: is started
FYI: CNarrowChannelRefiner::RedistributeLevel1_step_3: is finished
RedistributeLevel1 takes:
FYI: level1 statistics:
     level1_cnt_plus[1]=6151;		level1_cnt_minus[1]=350
     level1_cnt_plus[2]=45967;		level1_cnt_minus[2]=1373
     level1_cnt_plus[3]=67993;		level1_cnt_minus[3]=1280
     level1_cnt_plus[4]=0;		level1_cnt_minus[4]=0
     level1_cnt_plus[5]=0;		level1_cnt_minus[5]=0
     level1_cnt_plus[6]=0;		level1_cnt_minus[6]=0
     level1_cnt_plus[7]=0;		level1_cnt_minus[7]=0
     level1_cnt_plus[8]=0;		level1_cnt_minus[8]=0
     level1_cnt_plus[9]=0;		level1_cnt_minus[9]=0
-----------------------------------------------------------------------
MSH format builder (Iteration 0)
-----------------------------------------------------------------------
Memory Working Set Current = 107.43 Mb, Memory Working Set Peak = 124.29 Mb
Process Threads Number: 29
-----------------------------------------------------------------------
Loading geometries triangulation & x-stacks...OK
x-stacks size = 1.28 Mb
Total bricks count: 306435
-----------------------------------------------------------------------
MSH (Real Geometry) format constructor:
	Getting brick sets...OK (0.007 s)
	Min x-stack xeps = 0.00111852
	D / dh / eps [axis=0] = (5.12197, 0.00437388, 4.37388e-06)
	D / dh / eps [axis=1] = (2.11391, 0.00409098, 4.09098e-06)
	D / dh / eps [axis=2] = (1.524, 0.00430532, 4.30532e-06)
	Time (xeps): 0.002 s
Level 3
	Set (0)  size: 34760
	Set (0)  time: 0.137 s
	Set (1)  size: 34760
	Set (1)  time: 0.137 s
Level 2
	Set (0)  size: 23959
	Set (0)  time: 0.010 s
	Set (1)  size: 23959
	Set (1)  time: 0.010 s
Level 1
	Set (0)  size: 2912
	Set (0)  time: 0.005 s
	Set (1)  size: 2916
	Set (1)  time: 0.002 s
Level 0
	Set (0)  size: 91585
	Set (0)  time: 0.018 s
	Set (1)  size: 91584
	Set (1)  time: 0.019 s
Result:
	Bricks number:                        306435

	Memory usage:                         18.169 MB
	Memory usage (per brick):             0.061 KB
	Construction time:                    0.351 s

	Topology features:
	------------------
	- High quality bricks                 100.00 % (306431)
	- Medium quality bricks                 0.00 % (4)
	- Bad quality bricks                    0.00 % (0)
	- Ribs corrected bricks                 0.00 % (0)
	- Points with geom-info (bricks)        0.03 % (102)
	- Points with closest-info (bricks)     0.00 % (0)
	- Triangulated by center (bricks)       0.00 % (13)
	- Facet w-faces mergings (bricks)       0.00 % (0)
	- To refine (bricks)                    0.00 % (0)

-----------------------------------------------------------------------
Memory Working Set Current = 164.91 Mb, Memory Working Set Peak = 164.91 Mb
Process Threads Number: 29
-----------------------------------------------------------------------
-----------------------------------------------------------------------
-----------------------------------------------------------------------
MSH --> BCF format (Iteration 0)...
BCF collector...(remove mode=0)
	Time (alloc counter per brick): 0.007 s
	Brick    count: 306435
	Av.f all count: 287153
	Av.s all count: 53318
	Av.f pid count: 34036
	Av.s pid count: 33569
	Faces fs count: 36182
	Faces ff count: 0
	Faces ss count: 0
	Faces bb count: 0
	Faces fe count: 21883
	Faces se count: 1700
	Faces fw count: 59765
	Faces af count: 855376
	Faces as count: 150851
	Time (all count): 	0.025 s
	Time (bcf alloc): 	0.001 s
	Time (shifts alloc): 	0.014 s
	Time (shifts init): 	0.014 s
	Time (bcf fill): 	0.091 s
	Time (add av to faces): 0.003 s
	Time (add faces to av): 0.068 s
Time (bcf collect): 		0.244 s
	AV checker...
	Time (check av): 	0.060 s
	Subdomain checker...
		Subdomains construction time: 0.094 s.
		Subdomains sort time: 0.000 s.
			Subdomain 0 (geom_ind=0): 287153 av
			Subdomain 1 (geom_ind=1): 53318 av
		gi: 0, subdomains: 1, real bodies: 1
		gi: 1, subdomains: 1, real bodies: 0
		Defect subdomains: 0
	Time (check subdoms): 	0.097 s
Time (bcf iteration total): 	0.404 s
	Time (fw-nb): 		0.002 s
	Fixed mutual fw-nb:     3550 (bb: 0)
	Time (fw-nb mutual): 	0.006 s
	Time (fw-nb sort): 	0.001 s
	Fw-opt BEFORE total:    59765 (fs=36182, ff=0, ss=0)
	Fw-opt AFTER  total:    59044 (fs=35461, ff=0, ss=0, failed fw/br=0/0, big_curv=12, big_poly=0)
	Fw-opt RESULT:          721 (res/(fs+ff+ss) = 1.99 %)
	Time (fw-opt): 		0.006 s
	Time (fw-re-order): 	0.010 s
	Time (fw-nb): 		0.012 s
	Fixed mutual fw-nb:     118404 (bb: 0)
	Time (fw-nb mutual): 	0.012 s
	Time (fw-nb sort): 	0.002 s
	Time (rfd fix): 	0.000 s
	Time (av convexity): 	0.008 s
	Time (av small volume): 0.002 s
	Time (diagonal fw-nb): 	0.037 s
	Fixed mutual fw-nb:     0 (bb: 0)
	Time (fw-nb mutual): 	0.006 s
	Time (fw-nb sort): 	0.002 s
	Fluid subdomains: 1
	Faces fw-nb diff sd:    0
	Time (fw-nb diff sd): 	0.083 s
Time (bcf calc): 		0.227 s
-----------------------------------------------------------------------
Time (bcf total): 		0.631 s
-----------------------------------------------------------------------
-----------------------------------------------------------------------
Mega-cv constructor for fluid...
	 0 av's is treated as thin
Relative size generator (threshold = 0.05)...
	Iteration 1 (small cluster count = 2626)
	Iteration 2 (small cluster count = 1484)
	Iteration 3 (small cluster count = 351)
	Iteration 4 (small cluster count = 23)
	Iteration 5 (small cluster count = 1)
	Iteration 6 (small cluster count = 0)
	 2625 mega-cv's generated
	 3 mega-cv's removed
Relative size generator is completed OK (0.023 s)
Apply fa-rules to mega-cv clusters fixes...
OK (0.003 s)
Convert clusters:
	 2622 mega-cv's total
Mega-cv count: 2622
Time (mega-cv fill): 	0.002 s
Time (mega-cv total): 	0.151 s
-----------------------------------------------------------------------
Mixing plane rotation regions: NO.
Sliding mesh rotation regions: NO.
Fluid/fluid faces: NO.
----------------------------------------------------------
BCF --> BCF.GEOMSUBDOM (bridge arrays):
MESH (0):
	Fluid Subdom Constructor: 1 subdom(s).
	Solid Subdom Constructor: 1 subdom(s).
	Net Asm Subdom Constructor: 0 subdom(s).
	GEOMSUBDOM (0): gi=0 fluid av=287153 cv=284527 fa=855376 fb=0 fw=57344 V=1.649231e+01
	Cache data...OK
	GEOMSUBDOM (1): gi=1 solid av=53318 cv=53318 fa=150851 fb=0 fw=37161 V=8.678911e-03
	Cache data...OK
	Setting nb of w-faces...OK (0.012 s).
	Correcting nb of w-faces...
	Time(correct_fw_nb)=0.008 s

MESH (0) checking:
	GEOMSUBDOM (0):fa_s=1102.5893314736226785 fb_s=0.0000000000000000 fw_s=44.3208134932104656 fw_nb=459062
	              :d_const(119501)=1.88611e-11 d_linear(119501)=1.40205e-10
	GEOMSUBDOM (1):fa_s=3.1979077455722851 fb_s=0.0000000000000000 fw_s=0.8450857423890605 fw_nb=290126
	              :d_const(40532)=1.77015e-10 d_linear(40532)=2.46194e-09
MESH (0) checking: OK.
Time (MDS): 	0.612 s
----------------------------------------------------------

-----------------------------------------------------------------------
BCF CHECKSUM DATA (Mesh 0):

BRICK |Level1| Sum:               309000
FACE_A Area Sum:   G.Fluid        1102.5893314736181310
FACE_A Area Sum:   G.Solid        3.1979077455722962
FACE_W Area Sum:                  44.4378679777081089
FACE_W Nb   Sum:                  466276
FACE_W min curvatures sum:        -1948.96231002
FACE_W max curvatures sum:        971311.84881247
AV Max Disbalance(Const) :        1.77015e-10 (cid=248259, t={186, 147, 220}, avid=339591, pid=32933)
AV Max Disbalance(Linear):        2.46194e-09 (cid=248259, t={186, 147, 220}, avid=339591, pid=32933)
-----------------------------------------------------------------------


-----------------------------------------------------------------------
MESHER TOPOLOGY DATA:

BRICKS: Total                 306435
BRICKS: 1-CV                  272866
BRICKS: 2-CV                  33102
BRICKS: 3-CV                  467
BRICKS: Bad                   0

AV:     G.Total               340471
AV:     G.Fluid               287153
AV:     G.Solid               53318

AV:     G.Fluid Thin Profile    0.00 % (0)
AV:     G.Solid Thin Profile    0.88 % (467)

AV:     G.Fluid Thin For Mega   0.00 % (0)
AV:     G.Solid Thin For Mega   0.87 % (464)

AV:     G.Fluid Non-Convex      0.39 % (1109)
AV:     G.Solid Non-Convex      0.56 % (297)

AV:     G.Fluid Non-Ess-Convex      0.29 % (847)
AV:     G.Solid Non-Ess-Convex      0.42 % (225)

FACE_A: G.Fluid          (af) 855376 (partially opened 68002)
FACE_A: G.Solid          (as) 150851 (partially opened 67068)

FACE_B: G.Total          (b)  0

FACE_W: G.Total                 59044       Brick/Bound
FACE_W: G.Fluid/Solid    (fs_g) 35461       0           
FACE_W: G.Fluid/Fluid    (ff_g) 0           0           
FACE_W: G.Solid/Solid    (ss_g) 0           0           
FACE_W: G.Fluid/External (fe_g) 21883
FACE_W: G.Solid/External (se_g) 1700

AV/CV max fa count (on brick side):6
AV/CV max fw count:                6
AV/CV max fb count:                0
AV/CV max fw poly count:           15

MEMORY: Total                   103.990 MB
MEMORY: Per Brick               0.347 KB
-----------------------------------------------------------------------

-----------------------------------------------------------------------
Connectivities information:
	Number of conns: 0
-----------------------------------------------------------------------
	Time (gap size): 	0.125 s
-----------------------------------------------------------------------
Calculating curvature and tolerance criteria...
Curvature: min=0 max=3.14159
Tolerance: min=0 max=0.0199899
Calculating curvature and tolerance criteria takes 0.086 s
-----------------------------------------------------------------------
MESH Build(FS) finished. Time=3.246 s
-----------------------------------------------------------------------
Current CPU = 3 sec

Nx=103
Ny=46
Nz=39
Max BRICK Level=3
Mesh Level=3
-----------------CModelBodies2MeshMapper::CollectData started -------------------------------
-----------------CModelBodies2MeshMapper Report -------------------------------
FluidDomains 1 SolidDomains 1 VoidDomains 0 
Domains RefIndexes
Domain 0, Index count 25
Domain 1, Index count 25
----------------- -------------------------------
	ModelBodies
Total resolved Bodies 0 BodySets 0

--------------------------------------------------------------------------
	Positive geometry Bodies
Total resolved Bodies 1 BodySets 1
BodySet 0
	Bodies list:
			#0	Name: ;	ID: 19b75566-d176-466c-a4ee-450ac2289509
	Domains list:		 0 

--------------------------------------------------------------------------
	Fluid regions
Total resolved Bodies 1 BodySets 1
BodySet 0	Material: Air; 
	Bodies list:
			#0	Name: ;	ID: 19b75566-d176-466c-a4ee-450ac2289509
	Domains list:		 0 

--------------------------------------------------------------------------
-----------------CModelBodies2MeshMapper::CollectData finished successfully-------------------
Saving initial mesh in: C:\Users\PC\Education\2024\FAKI_SKAT2024\Manufacturing\Model\Study1\1\Parametric Study 2\6\6.fld .
Storing results...
Estimated CPT size=42.376 MB.
	Time (write bcf): 1.076 s
OK
-----------------------------------------------------------------------
Memory Working Set Current = 429.00 Mb, Memory Working Set Peak = 430.60 Mb
Process Threads Number: 29
-----------------------------------------------------------------------
Cleaning memory...
		Time (free xsl):                    	0.005 s
Free Geometry DB takes 0.000 s
	Time (free bcf): 	0.061 s
		Time (free bcf mesh):               	0.177 s
	Time (free mesher data):              	0.183 s
Copying... OK
Mesh generation normally finished at	22.5.2024	15:4:53
Mesher CPU = 4 sec
Mesher is finished at	22.5.2024	15:4:53
-----------------------------------------------------------------------
Memory Working Set Current = 59.25 Mb, Memory Working Set Peak = 430.60 Mb
Process Threads Number: 29
-----------------------------------------------------------------------
Algebra Pool      : mem_usage = 7.94 Mb, allocated count = 0
Log ended at 22.05.2024	15:04:53
