Log started at 22.05.2024	14:51:07
Number of used processors (NPROC): 12.
Number of mesh partitions (NPART): 12.
Total Physical Memory = 7.37 Gb, Available Physical Memory = 2.98 Gb
Computer name:	LAPTOP-EB2E7OE8
Operating system:	Windows 10 (or higher) (Version 10.0.19045)

SOLIDWORKS 2020 SP4.0
Flow Simulation 2020  x64 / 4995 / MESHER ver. efd_dev.4663_05.07.2019 

Project: C:\Users\PC\Education\2024\FAKI_SKAT2024\Manufacturing\Model\Study1\1\Parametric Study 2\4\4.xmlconfig
Configuration name: Default
Project name: Study
NGK: OFF
MBO: OFF

Mesh generation started:	22.5.2024	14:51:7
-----------------------------------------------------------------------
Mesher option run = eRunMesherNormal
-----------------------------------------------------------------------
Current CPU = 0 sec
-----------------------------------------------------------------------
Geometries initialization:
-----------------------------------------------------------------------
Loading mesh settings (global/local)...
-----------------------------------------------------------------------
Number of geometries from DB: 1
Geometry(0):
	Guid = {00000000-0000-0000-0000-000000000000}
	Fluid..
	1 Body.
	1 Real body.
	-- Bodyset 0 --
		Tolerance=0.000157226.
		29 Face(s).
			29 of b-spline type.
		0 Face(s) that have no ref faces
		8 Plane surface(s).
		4 Cylinder surface(s).
		10 B- surface(s).
		7 Extrude surface(s).
		5520 Triangle(s).
		Getting triangle connectivities from DB: 0.001 s
		79 Edge(s).
			79 of b-spline type.
		BodyGeom reading: 0.005 s.
		28 Reference Face(s).
		5316 Reference Triangles.
		Getting triangle connectivities from DB (Ref): 0.001 s
		BodyGeom Ref reading: 0.001 s.
		Getting triangle connectivities from DB (Extra Triangulation): 0.001 s
Geometry(1):
	Solid.
	-- Bodyset 1 --
	Empty
-----------------------------------------------------------------------
Number of geometries in task: 2
Number of bodysets   in task: 2
-----------------------------------------------------------------------
	Making hash and connectivity for Bodyset ...
		CBodyGeom:
		Hash size: {111, 49, 44}.
		Mesh size: {111, 49, 44}.
		Hashing triangles...Ok.
			axis(0) tr sizes: average=71 max=555
			axis(1) tr sizes: average=24 max=375
			axis(2) tr sizes: average=19 max=134
		Number of t-connected sets:1
			(0) size=5520
		Done.
		CBodyGeomRef:
		Hashing triangles...Ok.
			axis(0) tr sizes: average=59 max=343
			axis(1) tr sizes: average=22 max=373
			axis(2) tr sizes: average=14 max=121
		Done.
	0.00812 s.
Geometries reading and preparing has taken 0.018 s.

Mapped triangles:
Hashing mesh regions data
	Triangles num=414
	Triangles box={3.55096e-05  ,1.11275  ,-0.0179169  ,0.2  ,-0.225  ,1  }
		3d-hash size is 976268 bytes
Hashing geometries triangles
	Triangles num=5520
	Triangles box={-0.179952  ,1.11275  ,-0.114401  ,0.2  ,-0.001524  ,1  }
		3d-hash size is 1030588 bytes
Hashing peculiar surfaces triangles
Mapped triangles processed in 0.025 s.
-----------------------------------------------------------------------
Getting sectors:
Number of sectors: 0
-----------------------------------------------------------------------
-----------------------------------------------------------------------

Current CPU = 0 sec

-----------------------------------------------------------------------
Mesh dimensions:
				I[0 ]=111
				I[1 ]=49
				I[2 ]=44

Comp. domain size:
				a[0  ]=-0.95262
				a[1  ]=4.16936
				a[2  ]=-0.765507
				a[3  ]=1.34841
				a[4  ]=0
				a[5  ]=1.524

Fluid calculated			1
Solid calculated			0
-----------------------------------------------------------------------
MESH Build started...
-----------------------------------------------------------------------
Mesh LEVEL = 3
-----------------------------------------------------------------------
Setting regions...OK (0.004 s)
Base mesh info------------------
	2D flag  =0
	Period   =[0, 0, 0]
	Nx=111
		x[0]=-0.95262
		x[1]=-0.886567
		x[2]=-0.823824
		x[3]=-0.764204
		x[4]=-0.707552
		x[5]=-0.65372
		x[6]=-0.602569
		x[7]=-0.553963
		x[8]=-0.507778
		x[9]=-0.463892
		x[10]=-0.42219
		x[11]=-0.382565
		x[12]=-0.344912
		x[13]=-0.309134
		x[14]=-0.275137
		x[15]=-0.242832
		x[16]=-0.211996
		x[17]=-0.181159
		x[18]=-0.150323
		x[19]=-0.119486
		x[20]=-0.0886498
		x[21]=-0.0578133
		x[22]=-0.0269768
		x[23]=0.00385978
		x[24]=0.0346963
		x[25]=0.0655329
		x[26]=0.0963694
		x[27]=0.127206
		x[28]=0.158042
		x[29]=0.188879
		x[30]=0.219716
		x[31]=0.250552
		x[32]=0.281389
		x[33]=0.312225
		x[34]=0.343062
		x[35]=0.373898
		x[36]=0.404735
		x[37]=0.435571
		x[38]=0.466408
		x[39]=0.497512
		x[40]=0.528615
		x[41]=0.559719
		x[42]=0.590823
		x[43]=0.621927
		x[44]=0.65303
		x[45]=0.684134
		x[46]=0.715238
		x[47]=0.746341
		x[48]=0.777445
		x[49]=0.808549
		x[50]=0.839653
		x[51]=0.870756
		x[52]=0.90186
		x[53]=0.932964
		x[54]=0.964068
		x[55]=0.995171
		x[56]=1.02627
		x[57]=1.05738
		x[58]=1.08848
		x[59]=1.11959
		x[60]=1.15069
		x[61]=1.18179
		x[62]=1.2129
		x[63]=1.244
		x[64]=1.2751
		x[65]=1.30621
		x[66]=1.33731
		x[67]=1.36842
		x[68]=1.39952
		x[69]=1.43062
		x[70]=1.46173
		x[71]=1.49283
		x[72]=1.52393
		x[73]=1.55504
		x[74]=1.58614
		x[75]=1.61725
		x[76]=1.64835
		x[77]=1.67945
		x[78]=1.71056
		x[79]=1.74166
		x[80]=1.77325
		x[81]=1.80646
		x[82]=1.84136
		x[83]=1.87805
		x[84]=1.91661
		x[85]=1.95714
		x[86]=1.99974
		x[87]=2.04452
		x[88]=2.09158
		x[89]=2.14105
		x[90]=2.19305
		x[91]=2.24771
		x[92]=2.30515
		x[93]=2.36554
		x[94]=2.429
		x[95]=2.49572
		x[96]=2.56584
		x[97]=2.63954
		x[98]=2.71701
		x[99]=2.79843
		x[100]=2.88402
		x[101]=2.97398
		x[102]=3.06854
		x[103]=3.16793
		x[104]=3.27239
		x[105]=3.3822
		x[106]=3.49761
		x[107]=3.61892
		x[108]=3.74643
		x[109]=3.88046
		x[110]=4.02133
		x[111]=4.16936
	Ny=49
		y[0]=-0.765507
		y[1]=-0.708423
		y[2]=-0.65401
		y[3]=-0.602131
		y[4]=-0.552666
		y[5]=-0.505503
		y[6]=-0.460535
		y[7]=-0.417661
		y[8]=-0.376781
		y[9]=-0.337805
		y[10]=-0.300642
		y[11]=-0.265209
		y[12]=-0.231425
		y[13]=-0.199214
		y[14]=-0.168502
		y[15]=-0.139219
		y[16]=-0.111299
		y[17]=-0.080482
		y[18]=-0.0496658
		y[19]=-0.0188496
		y[20]=0.0119666
		y[21]=0.0427828
		y[22]=0.073599
		y[23]=0.104415
		y[24]=0.135231
		y[25]=0.166048
		y[26]=0.196864
		y[27]=0.224951
		y[28]=0.254419
		y[29]=0.285337
		y[30]=0.317774
		y[31]=0.351806
		y[32]=0.387511
		y[33]=0.424971
		y[34]=0.464273
		y[35]=0.505506
		y[36]=0.548767
		y[37]=0.594154
		y[38]=0.641773
		y[39]=0.691733
		y[40]=0.744148
		y[41]=0.799141
		y[42]=0.856836
		y[43]=0.917368
		y[44]=0.980876
		y[45]=1.04751
		y[46]=1.11741
		y[47]=1.19075
		y[48]=1.2677
		y[49]=1.34841
	Nz=44
		z[0]=0
		z[1]=0.0316202
		z[2]=0.0632331
		z[3]=0.094846
		z[4]=0.126459
		z[5]=0.158072
		z[6]=0.189685
		z[7]=0.221298
		z[8]=0.252911
		z[9]=0.284523
		z[10]=0.316136
		z[11]=0.347749
		z[12]=0.379362
		z[13]=0.410975
		z[14]=0.442588
		z[15]=0.474201
		z[16]=0.505814
		z[17]=0.537427
		z[18]=0.56904
		z[19]=0.600652
		z[20]=0.632265
		z[21]=0.663878
		z[22]=0.695491
		z[23]=0.727104
		z[24]=0.758717
		z[25]=0.79033
		z[26]=0.821943
		z[27]=0.853556
		z[28]=0.885169
		z[29]=0.916781
		z[30]=0.948394
		z[31]=0.980007
		z[32]=1.01078
		z[33]=1.04308
		z[34]=1.07699
		z[35]=1.11258
		z[36]=1.14994
		z[37]=1.18916
		z[38]=1.23033
		z[39]=1.27354
		z[40]=1.3189
		z[41]=1.36651
		z[42]=1.41649
		z[43]=1.46895
		z[44]=1.524
End of base mesh info---------
Input_mesh_settings--------------------------------
Settings 0----------------
	Scope: GLOBAL
	Type:	------MESHER_SETTINGS----------
	RefAllCells           =0
	RefFluidCells         =0
	RefPartCells          =0
	RefSolidCells         =0
	l_SSFR(Capture crit)  =1
	l_curv(Curvature crit)=0
	l_tol(Tolerance crit) =0
	UseChannelRef         =1
	  NCR_method          =0
	  l_NCR               =1
	  N_gap               =10
	  Use d_NCR_min       =0
	  Use d_NCR_max       =0
	IgnoreThinChannelsHeight         =0
	--END_OF_MESHER_SETTINGS-------
Settings 1----------------
	Scope: SURFACE
	Type:	------MESHER_SETTINGS----------
	RefAllCells           =0
	RefFluidCells         =0
	RefPartCells          =0
	RefSolidCells         =0
	l_SSFR(Capture crit)  =0
	l_curv(Curvature crit)=0
	l_tol(Tolerance crit) =0
	UseChannelRef         =0
	IgnoreThinChannelsHeight         =0
	Distance-level settings ON
	Distance-level settings count 2
	  Distance-level settings pair: {level=3, dist=0.005}
	  Distance-level settings pair: {level=2, dist=0.04}
	--END_OF_MESHER_SETTINGS-------
End of input mesh settings-------------------------

-----------------------------------------------------------------------
Building geometries:
-----------------------------------------------------------------------
Building body-set (0) of geometry Fluid.0.(0). ...

-----------------------------------------------------------------------
Refining by triangulation...
Refinement input: 239316 bricks
Setting regions...OK (0.004 s)
Setting regions...OK (0.004 s)
Setting regions...OK (0.004 s)
Refinement result: 244979 bricks (0.134 s)
Refinement input: 244979 bricks
Refinement result: 244979 bricks (0.009 s)
Collecting and processing rays...OK (0.144 s)
Capturing...OK (0.011 s)
Refining by triangulation takes 0.301 s
-----------------------------------------------------------------------

-----------------------------------------------------------------------
Refining peculiar surfaces...
0 surfaces refined
Refining peculiar surfaces takes 0 s
-----------------------------------------------------------------------
Collecting and processing rays...OK (0.002 s)
Capturing...OK (0.001 s)
Collecting and processing rays...OK (0.002 s)
Capturing...OK (0.001 s)
Collecting and processing rays...OK (0.002 s)
Capturing...OK (0.001 s)

-----------------------------------------------------------------------
Base mesh 1 Refining...
Refinement input: 244979 bricks
Refinement result: 244979 bricks (0.004 s)
Collecting and processing rays...OK (0.003 s)
Capturing...OK (0.001 s)
-----------------------------------------------------------------------
Refining channels...
FYI: CNarrowChannelRefiner::RefineChannels_PRLL
FYI: m_iteration_count = 0
FYI: level1 statistics:
     level1_cnt_plus[1]=0;		level1_cnt_minus[1]=0
     level1_cnt_plus[2]=0;		level1_cnt_minus[2]=0
     level1_cnt_plus[3]=0;		level1_cnt_minus[3]=0
     level1_cnt_plus[4]=0;		level1_cnt_minus[4]=0
     level1_cnt_plus[5]=0;		level1_cnt_minus[5]=0
     level1_cnt_plus[6]=0;		level1_cnt_minus[6]=0
     level1_cnt_plus[7]=0;		level1_cnt_minus[7]=0
     level1_cnt_plus[8]=0;		level1_cnt_minus[8]=0
     level1_cnt_plus[9]=0;		level1_cnt_minus[9]=0
FYI: level1 statistics:
     level1_cnt_plus[1]=0;		level1_cnt_minus[1]=0
     level1_cnt_plus[2]=0;		level1_cnt_minus[2]=0
     level1_cnt_plus[3]=0;		level1_cnt_minus[3]=0
     level1_cnt_plus[4]=0;		level1_cnt_minus[4]=0
     level1_cnt_plus[5]=0;		level1_cnt_minus[5]=0
     level1_cnt_plus[6]=0;		level1_cnt_minus[6]=0
     level1_cnt_plus[7]=0;		level1_cnt_minus[7]=0
     level1_cnt_plus[8]=0;		level1_cnt_minus[8]=0
     level1_cnt_plus[9]=0;		level1_cnt_minus[9]=0

-----------------------------------------------------------------------
U-shapes refinement...
Refinement input: 244979 bricks
Setting regions...OK (0.001 s)
Refinement result: 245049 bricks (0.048 s)
Collecting and processing rays...OK (0.004 s)
Capturing...OK (0.001 s)
-----------------------------------------------------------------------

-----------------------------------------------------------------------
Equi Distant Refiner:
- Object 0 refiner:
Marking bricks(20218) (distance calculation, calls=18444) takes 0.00 s
Refinement input: 245049 bricks
Setting regions...OK (0.002 s)
Refinement result: 269087 bricks (0.045 s)
Collecting and processing rays...OK (0.014 s)
Capturing...OK (0.004 s)
Marking bricks(27472) (distance calculation, calls=22410) takes 0.02 s
Refinement input: 269087 bricks
Setting regions...OK (0.005 s)
Refinement result: 332717 bricks (0.057 s)
Collecting and processing rays...OK (0.027 s)
Capturing...OK (0.008 s)
Marking bricks(72720) (distance calculation, calls=60532) takes 0.06 s
Refinement input: 332717 bricks
Setting regions...OK (0.006 s)
Refinement result: 410991 bricks (0.060 s)
Collecting and processing rays...OK (0.041 s)
Capturing...OK (0.012 s)
Marking bricks(89456) (distance calculation, calls=4884) takes 0.01 s
Refinement input: 410991 bricks
Setting regions...OK (0.002 s)
Refinement result: 410991 bricks (0.052 s)
Collecting and processing rays...OK (0.003 s)
Capturing...OK (0.002 s)
- Object 0 refiner takes 0.44 s
Equi Distant Refiner takes 0.44 s
-----------------------------------------------------------------------
Building geometry takes 0.988 s
Geometry Fluid.0.
Total		410991
Partial	44185
Fluid		340086
Solid		26720
Bad		0

/-Ray Intersection---------------/ Time	0.457 s
Calls			43884
CorrectRay Calls	0



-----------------------------------------------------------------------
Building geometries takes 1.008 s
-----------------------------------------------------------------------

-----------------------------------------------------------------------
PostBuilding geometries:
-----------------------------------------------------------------------
PostBuilding body-set (0) geometry Fluid.0. (0)...
Collecting and processing rays...OK (0.004 s)
Capturing...OK (0.002 s)
PostBuilding geometry takes 0.010 s
Geometry Fluid.0.
Total		410991
Partial	44185
Fluid		340086
Solid		26720
Bad		0

-----------------------------------------------------------------------
PostBuilding geometries takes 0.03 s
-----------------------------------------------------------------------
Defect ray count	0
FYI: CNarrowChannelRefiner::RedistributeLevel1_step_1: is finished
FYI: level1 statistics:
     level1_cnt_plus[1]=7440;		level1_cnt_minus[1]=0
     level1_cnt_plus[2]=69829;		level1_cnt_minus[2]=0
     level1_cnt_plus[3]=92749;		level1_cnt_minus[3]=0
     level1_cnt_plus[4]=0;		level1_cnt_minus[4]=0
     level1_cnt_plus[5]=0;		level1_cnt_minus[5]=0
     level1_cnt_plus[6]=0;		level1_cnt_minus[6]=0
     level1_cnt_plus[7]=0;		level1_cnt_minus[7]=0
     level1_cnt_plus[8]=0;		level1_cnt_minus[8]=0
     level1_cnt_plus[9]=0;		level1_cnt_minus[9]=0
FYI: CNarrowChannelRefiner::RedistributeLevel1_step_2: is started
FYI: CNarrowChannelRefiner::RedistributeLevel1_step_2: is finished
FYI: level1 statistics:
     level1_cnt_plus[1]=7471;		level1_cnt_minus[1]=0
     level1_cnt_plus[2]=69829;		level1_cnt_minus[2]=0
     level1_cnt_plus[3]=92749;		level1_cnt_minus[3]=0
     level1_cnt_plus[4]=0;		level1_cnt_minus[4]=0
     level1_cnt_plus[5]=0;		level1_cnt_minus[5]=0
     level1_cnt_plus[6]=0;		level1_cnt_minus[6]=0
     level1_cnt_plus[7]=0;		level1_cnt_minus[7]=0
     level1_cnt_plus[8]=0;		level1_cnt_minus[8]=0
     level1_cnt_plus[9]=0;		level1_cnt_minus[9]=0
FYI: CNarrowChannelRefiner::RedistributeLevel1_step_3: is started
FYI: CNarrowChannelRefiner::RedistributeLevel1_step_3: is finished
RedistributeLevel1 takes:
FYI: level1 statistics:
     level1_cnt_plus[1]=7471;		level1_cnt_minus[1]=356
     level1_cnt_plus[2]=69829;		level1_cnt_minus[2]=2244
     level1_cnt_plus[3]=92749;		level1_cnt_minus[3]=1202
     level1_cnt_plus[4]=0;		level1_cnt_minus[4]=0
     level1_cnt_plus[5]=0;		level1_cnt_minus[5]=0
     level1_cnt_plus[6]=0;		level1_cnt_minus[6]=0
     level1_cnt_plus[7]=0;		level1_cnt_minus[7]=0
     level1_cnt_plus[8]=0;		level1_cnt_minus[8]=0
     level1_cnt_plus[9]=0;		level1_cnt_minus[9]=0
-----------------------------------------------------------------------
MSH format builder (Iteration 0)
-----------------------------------------------------------------------
Memory Working Set Current = 127.57 Mb, Memory Working Set Peak = 154.53 Mb
Process Threads Number: 29
-----------------------------------------------------------------------
Loading geometries triangulation & x-stacks...OK
x-stacks size = 1.67 Mb
Total bricks count: 410991
-----------------------------------------------------------------------
MSH (Real Geometry) format constructor:
	Getting brick sets...OK (0.007 s)
	Min x-stack xeps = 0.000315655
	D / dh / eps [axis=0] = (5.12197, 0.00385457, 3.85457e-06)
	D / dh / eps [axis=1] = (2.11391, 0.00351085, 3.51085e-06)
	D / dh / eps [axis=2] = (1.524, 0.00384666, 3.84666e-06)
	Time (xeps): 0.002 s
Level 3
	Set (0)  size: 47748
	Set (0)  time: 0.151 s
	Set (1)  size: 47748
	Set (1)  time: 0.144 s
Level 2
	Set (0)  size: 35348
	Set (0)  time: 0.009 s
	Set (1)  size: 35347
	Set (1)  time: 0.008 s
Level 1
	Set (0)  size: 3867
	Set (0)  time: 0.003 s
	Set (1)  size: 3876
	Set (1)  time: 0.003 s
Level 0
	Set (0)  size: 118525
	Set (0)  time: 0.020 s
	Set (1)  size: 118532
	Set (1)  time: 0.021 s
Result:
	Bricks number:                        410991

	Memory usage:                         24.120 MB
	Memory usage (per brick):             0.060 KB
	Construction time:                    0.373 s

	Topology features:
	------------------
	- High quality bricks                 100.00 % (410984)
	- Medium quality bricks                 0.00 % (7)
	- Bad quality bricks                    0.00 % (0)
	- Ribs corrected bricks                 0.00 % (0)
	- Points with geom-info (bricks)        0.03 % (123)
	- Points with closest-info (bricks)     0.00 % (0)
	- Triangulated by center (bricks)       0.00 % (14)
	- Facet w-faces mergings (bricks)       0.00 % (0)
	- To refine (bricks)                    0.00 % (0)

-----------------------------------------------------------------------
Memory Working Set Current = 200.45 Mb, Memory Working Set Peak = 200.46 Mb
Process Threads Number: 29
-----------------------------------------------------------------------
-----------------------------------------------------------------------
-----------------------------------------------------------------------
MSH --> BCF format (Iteration 0)...
BCF collector...(remove mode=0)
	Time (alloc counter per brick): 0.005 s
	Brick    count: 410991
	Av.f all count: 384738
	Av.s all count: 71370
	Av.f pid count: 45117
	Av.s pid count: 44650
	Faces fs count: 47560
	Faces ff count: 0
	Faces ss count: 0
	Faces bb count: 0
	Faces fe count: 25933
	Faces se count: 2030
	Faces fw count: 75523
	Faces af count: 1147576
	Faces as count: 201859
	Time (all count): 	0.029 s
	Time (bcf alloc): 	0.001 s
	Time (shifts alloc): 	0.010 s
	Time (shifts init): 	0.010 s
	Time (bcf fill): 	0.076 s
	Time (add av to faces): 0.004 s
	Time (add faces to av): 0.069 s
Time (bcf collect): 		0.228 s
	AV checker...
	Time (check av): 	0.076 s
	Subdomain checker...
		Subdomains construction time: 0.107 s.
		Subdomains sort time: 0.000 s.
			Subdomain 0 (geom_ind=0): 384738 av
			Subdomain 1 (geom_ind=1): 71370 av
		gi: 0, subdomains: 1, real bodies: 1
		gi: 1, subdomains: 1, real bodies: 0
		Defect subdomains: 0
	Time (check subdoms): 	0.110 s
Time (bcf iteration total): 	0.417 s
	Time (fw-nb): 		0.003 s
	Fixed mutual fw-nb:     3994 (bb: 0)
	Time (fw-nb mutual): 	0.005 s
	Time (fw-nb sort): 	0.002 s
	Fw-opt BEFORE total:    75523 (fs=47560, ff=0, ss=0)
	Fw-opt AFTER  total:    74704 (fs=46741, ff=0, ss=0, failed fw/br=6/0, big_curv=8, big_poly=0)
	Fw-opt RESULT:          819 (res/(fs+ff+ss) = 1.72 %)
	Time (fw-opt): 		0.008 s
	Time (fw-re-order): 	0.012 s
	Time (fw-nb): 		0.014 s
	Fixed mutual fw-nb:     149763 (bb: 0)
	Time (fw-nb mutual): 	0.013 s
	Time (fw-nb sort): 	0.002 s
	Time (rfd fix): 	0.000 s
	Time (av convexity): 	0.010 s
	Time (av small volume): 0.003 s
	Time (diagonal fw-nb): 	0.047 s
	Fixed mutual fw-nb:     0 (bb: 0)
	Time (fw-nb mutual): 	0.006 s
	Time (fw-nb sort): 	0.003 s
	Fluid subdomains: 1
	Faces fw-nb diff sd:    0
	Time (fw-nb diff sd): 	0.111 s
Time (bcf calc): 		0.281 s
-----------------------------------------------------------------------
Time (bcf total): 		0.699 s
-----------------------------------------------------------------------
-----------------------------------------------------------------------
Mega-cv constructor for fluid...
	 0 av's is treated as thin
Relative size generator (threshold = 0.05)...
	Iteration 1 (small cluster count = 4565)
	Iteration 2 (small cluster count = 2586)
	Iteration 3 (small cluster count = 606)
	Iteration 4 (small cluster count = 55)
	Iteration 5 (small cluster count = 2)
	Iteration 6 (small cluster count = 1)
	Iteration 7 (small cluster count = 0)
	 4562 mega-cv's generated
	 2 mega-cv's removed
Relative size generator is completed OK (0.043 s)
Apply fa-rules to mega-cv clusters fixes...
	Fa-rule violation fixes:        2 of        2 (total cluster# =     4561)
OK (0.008 s)
Convert clusters:
	 4561 mega-cv's total
Mega-cv count: 4561
Time (mega-cv fill): 	0.003 s
Time (mega-cv total): 	0.216 s
-----------------------------------------------------------------------
Mixing plane rotation regions: NO.
Sliding mesh rotation regions: NO.
Fluid/fluid faces: NO.
----------------------------------------------------------
BCF --> BCF.GEOMSUBDOM (bridge arrays):
MESH (0):
	Fluid Subdom Constructor: 1 subdom(s).
	Solid Subdom Constructor: 1 subdom(s).
	Net Asm Subdom Constructor: 0 subdom(s).
	GEOMSUBDOM (0): gi=0 fluid av=384738 cv=380160 fa=1147576 fb=0 fw=72674 V=1.649230e+01
	Cache data...OK
	GEOMSUBDOM (1): gi=1 solid av=71370 cv=71370 fa=201859 fb=0 fw=48771 V=8.690533e-03
	Cache data...OK
	Setting nb of w-faces...OK (0.015 s).
	Correcting nb of w-faces...
	Time(correct_fw_nb)=0.011 s

MESH (0) checking:
	GEOMSUBDOM (0):fa_s=1207.3054163828301171 fb_s=0.0000000000000000 fw_s=44.3203339943409773 fw_nb=581732
	              :d_const(178606)=3.98482e-11 d_linear(178606)=5.58568e-10
	GEOMSUBDOM (1):fa_s=3.5414919224395396 fb_s=0.0000000000000000 fw_s=0.8448422862308211 fw_nb=381612
	              :d_const(69562)=1.20703e-10 d_linear(57969)=2.39979e-09
MESH (0) checking: OK.
Time (MDS): 	0.786 s
----------------------------------------------------------

-----------------------------------------------------------------------
BCF CHECKSUM DATA (Mesh 0):

BRICK |Level1| Sum:               433826
FACE_A Area Sum:   G.Fluid        1207.3054163828383025
FACE_A Area Sum:   G.Solid        3.5414919224395471
FACE_W Area Sum:                  44.4375065001942247
FACE_W Nb   Sum:                  590318
FACE_W min curvatures sum:        -2655.46674827
FACE_W max curvatures sum:        1152491.47894804
AV Max Disbalance(Const) :        1.20703e-10 (cid=101699, t={450, 152, 56}, avid=410886, pid=16359)
AV Max Disbalance(Linear):        2.39979e-09 (cid=5636, t={280, 160, 0}, avid=386587, pid=1110)
-----------------------------------------------------------------------


-----------------------------------------------------------------------
MESHER TOPOLOGY DATA:

BRICKS: Total                 410991
BRICKS: 1-CV                  366341
BRICKS: 2-CV                  44183
BRICKS: 3-CV                  467
BRICKS: Bad                   0

AV:     G.Total               456108
AV:     G.Fluid               384738
AV:     G.Solid               71370

AV:     G.Fluid Thin Profile    0.00 % (0)
AV:     G.Solid Thin Profile    0.65 % (467)

AV:     G.Fluid Thin For Mega   0.00 % (0)
AV:     G.Solid Thin For Mega   0.65 % (461)

AV:     G.Fluid Non-Convex      0.33 % (1284)
AV:     G.Solid Non-Convex      0.46 % (328)

AV:     G.Fluid Non-Ess-Convex      0.25 % (974)
AV:     G.Solid Non-Ess-Convex      0.35 % (253)

FACE_A: G.Fluid          (af) 1147576 (partially opened 90154)
FACE_A: G.Solid          (as) 201859 (partially opened 89220)

FACE_B: G.Total          (b)  0

FACE_W: G.Total                 74704       Brick/Bound
FACE_W: G.Fluid/Solid    (fs_g) 46741       0           
FACE_W: G.Fluid/Fluid    (ff_g) 0           0           
FACE_W: G.Solid/Solid    (ss_g) 0           0           
FACE_W: G.Fluid/External (fe_g) 25933
FACE_W: G.Solid/External (se_g) 2030

AV/CV max fa count (on brick side):6
AV/CV max fw count:                6
AV/CV max fb count:                0
AV/CV max fw poly count:           19

MEMORY: Total                   138.701 MB
MEMORY: Per Brick               0.346 KB
-----------------------------------------------------------------------

-----------------------------------------------------------------------
Connectivities information:
	Number of conns: 0
-----------------------------------------------------------------------
	Time (gap size): 	0.154 s
-----------------------------------------------------------------------
Calculating curvature and tolerance criteria...
Curvature: min=0 max=3.14159
Tolerance: min=0 max=0.0154594
Calculating curvature and tolerance criteria takes 0.090 s
-----------------------------------------------------------------------
MESH Build(FS) finished. Time=3.860 s
-----------------------------------------------------------------------
Current CPU = 4 sec

Nx=111
Ny=49
Nz=44
Max BRICK Level=3
Mesh Level=3
-----------------CModelBodies2MeshMapper::CollectData started -------------------------------
-----------------CModelBodies2MeshMapper Report -------------------------------
FluidDomains 1 SolidDomains 1 VoidDomains 0 
Domains RefIndexes
Domain 0, Index count 24
Domain 1, Index count 24
----------------- -------------------------------
	ModelBodies
Total resolved Bodies 0 BodySets 0

--------------------------------------------------------------------------
	Positive geometry Bodies
Total resolved Bodies 1 BodySets 1
BodySet 0
	Bodies list:
			#0	Name: ;	ID: 19b75566-d176-466c-a4ee-450ac2289509
	Domains list:		 0 

--------------------------------------------------------------------------
	Fluid regions
Total resolved Bodies 1 BodySets 1
BodySet 0	Material: Air; 
	Bodies list:
			#0	Name: ;	ID: 19b75566-d176-466c-a4ee-450ac2289509
	Domains list:		 0 

--------------------------------------------------------------------------
-----------------CModelBodies2MeshMapper::CollectData finished successfully-------------------
Saving initial mesh in: C:\Users\PC\Education\2024\FAKI_SKAT2024\Manufacturing\Model\Study1\1\Parametric Study 2\4\4.fld .
Storing results...
Estimated CPT size=56.495 MB.
	Time (write bcf): 1.390 s
OK
-----------------------------------------------------------------------
Memory Working Set Current = 559.36 Mb, Memory Working Set Peak = 561.61 Mb
Process Threads Number: 29
-----------------------------------------------------------------------
Cleaning memory...
		Time (free xsl):                    	0.006 s
Free Geometry DB takes 0.000 s
	Time (free bcf): 	0.093 s
		Time (free bcf mesh):               	0.268 s
	Time (free mesher data):              	0.276 s
Copying... OK
Mesh generation normally finished at	22.5.2024	14:51:13
Mesher CPU = 6 sec
Mesher is finished at	22.5.2024	14:51:13
-----------------------------------------------------------------------
Memory Working Set Current = 66.02 Mb, Memory Working Set Peak = 561.61 Mb
Process Threads Number: 29
-----------------------------------------------------------------------
Algebra Pool      : mem_usage = 10.56 Mb, allocated count = 0
Log ended at 22.05.2024	14:51:13
