Log started at 22.05.2024	14:39:56
Number of used processors (NPROC): 12.
Number of mesh partitions (NPART): 12.
Total Physical Memory = 7.37 Gb, Available Physical Memory = 3.93 Gb
Computer name:	LAPTOP-EB2E7OE8
Operating system:	Windows 10 (or higher) (Version 10.0.19045)

SOLIDWORKS 2020 SP4.0
Flow Simulation 2020  x64 / 4995 / MESHER ver. efd_dev.4663_05.07.2019 

Project: C:\Users\PC\Education\2024\FAKI_SKAT2024\Manufacturing\Model\Study1\1\Parametric Study 2\2\2.xmlconfig
Configuration name: Default
Project name: Study
NGK: OFF
MBO: OFF

Mesh generation started:	22.5.2024	14:39:56
-----------------------------------------------------------------------
Mesher option run = eRunMesherNormal
-----------------------------------------------------------------------
Current CPU = 0 sec
-----------------------------------------------------------------------
Geometries initialization:
-----------------------------------------------------------------------
Loading mesh settings (global/local)...
-----------------------------------------------------------------------
Number of geometries from DB: 1
Geometry(0):
	Guid = {00000000-0000-0000-0000-000000000000}
	Fluid..
	1 Body.
	1 Real body.
	-- Bodyset 0 --
		Tolerance=0.000157226.
		29 Face(s).
			29 of b-spline type.
		0 Face(s) that have no ref faces
		8 Plane surface(s).
		4 Cylinder surface(s).
		10 B- surface(s).
		7 Extrude surface(s).
		5520 Triangle(s).
		Getting triangle connectivities from DB: 0.001 s
		79 Edge(s).
			79 of b-spline type.
		BodyGeom reading: 0.006 s.
		28 Reference Face(s).
		5316 Reference Triangles.
		Getting triangle connectivities from DB (Ref): 0.000 s
		BodyGeom Ref reading: 0.001 s.
		Getting triangle connectivities from DB (Extra Triangulation): 0.001 s
Geometry(1):
	Solid.
	-- Bodyset 1 --
	Empty
-----------------------------------------------------------------------
Number of geometries in task: 2
Number of bodysets   in task: 2
-----------------------------------------------------------------------
	Making hash and connectivity for Bodyset ...
		CBodyGeom:
		Hash size: {103, 45, 39}.
		Mesh size: {103, 45, 39}.
		Hashing triangles...Ok.
			axis(0) tr sizes: average=86 max=642
			axis(1) tr sizes: average=26 max=349
			axis(2) tr sizes: average=20 max=155
		Number of t-connected sets:1
			(0) size=5520
		Done.
		CBodyGeomRef:
		Hashing triangles...Ok.
			axis(0) tr sizes: average=72 max=433
			axis(1) tr sizes: average=25 max=343
			axis(2) tr sizes: average=16 max=145
		Done.
	0.00931 s.
Geometries reading and preparing has taken 0.020 s.

Mapped triangles:
Hashing mesh regions data
	Triangles num=414
	Triangles box={3.55096e-05  ,1.11275  ,-0.0179169  ,0.2  ,-0.225  ,1  }
		3d-hash size is 739292 bytes
Hashing geometries triangles
	Triangles num=5520
	Triangles box={-0.179952  ,1.11275  ,-0.114401  ,0.2  ,-0.001524  ,1  }
		3d-hash size is 788544 bytes
Hashing peculiar surfaces triangles
Mapped triangles processed in 0.021 s.
-----------------------------------------------------------------------
Getting sectors:
Number of sectors: 0
-----------------------------------------------------------------------
-----------------------------------------------------------------------

Current CPU = 0 sec

-----------------------------------------------------------------------
Mesh dimensions:
				I[0 ]=103
				I[1 ]=45
				I[2 ]=39

Comp. domain size:
				a[0  ]=-0.95262
				a[1  ]=4.16936
				a[2  ]=-0.765507
				a[3  ]=1.34841
				a[4  ]=0
				a[5  ]=1.524

Fluid calculated			1
Solid calculated			0
-----------------------------------------------------------------------
MESH Build started...
-----------------------------------------------------------------------
Mesh LEVEL = 3
-----------------------------------------------------------------------
Setting regions...OK (0.003 s)
Base mesh info------------------
	2D flag  =0
	Period   =[0, 0, 0]
	Nx=103
		x[0]=-0.95262
		x[1]=-0.884994
		x[2]=-0.82064
		x[3]=-0.759379
		x[4]=-0.701062
		x[5]=-0.645547
		x[6]=-0.592701
		x[7]=-0.542394
		x[8]=-0.494504
		x[9]=-0.448917
		x[10]=-0.40552
		x[11]=-0.364209
		x[12]=-0.324883
		x[13]=-0.287447
		x[14]=-0.25181
		x[15]=-0.215899
		x[16]=-0.179988
		x[17]=-0.144077
		x[18]=-0.108166
		x[19]=-0.0722552
		x[20]=-0.0363442
		x[21]=-0.000433256
		x[22]=0.0354777
		x[23]=0.0713887
		x[24]=0.1073
		x[25]=0.143211
		x[26]=0.179122
		x[27]=0.215033
		x[28]=0.250944
		x[29]=0.286855
		x[30]=0.322766
		x[31]=0.358677
		x[32]=0.394588
		x[33]=0.430499
		x[34]=0.46641
		x[35]=0.5014
		x[36]=0.536391
		x[37]=0.571382
		x[38]=0.606373
		x[39]=0.641364
		x[40]=0.676355
		x[41]=0.711346
		x[42]=0.746337
		x[43]=0.781329
		x[44]=0.81632
		x[45]=0.851311
		x[46]=0.886302
		x[47]=0.921293
		x[48]=0.956284
		x[49]=0.991275
		x[50]=1.02627
		x[51]=1.06126
		x[52]=1.09625
		x[53]=1.13124
		x[54]=1.16623
		x[55]=1.20122
		x[56]=1.23621
		x[57]=1.2712
		x[58]=1.30619
		x[59]=1.34118
		x[60]=1.37618
		x[61]=1.41117
		x[62]=1.44616
		x[63]=1.48115
		x[64]=1.51614
		x[65]=1.55113
		x[66]=1.58612
		x[67]=1.62111
		x[68]=1.6561
		x[69]=1.6911
		x[70]=1.72609
		x[71]=1.76108
		x[72]=1.79607
		x[73]=1.83106
		x[74]=1.86632
		x[75]=1.90333
		x[76]=1.9422
		x[77]=1.983
		x[78]=2.02584
		x[79]=2.07082
		x[80]=2.11804
		x[81]=2.16761
		x[82]=2.21966
		x[83]=2.27431
		x[84]=2.33169
		x[85]=2.39192
		x[86]=2.45517
		x[87]=2.52157
		x[88]=2.59128
		x[89]=2.66447
		x[90]=2.74131
		x[91]=2.82199
		x[92]=2.90669
		x[93]=2.99562
		x[94]=3.08898
		x[95]=3.18701
		x[96]=3.28992
		x[97]=3.39798
		x[98]=3.51142
		x[99]=3.63052
		x[100]=3.75557
		x[101]=3.88685
		x[102]=4.02469
		x[103]=4.16936
	Ny=45
		y[0]=-0.765507
		y[1]=-0.705143
		y[2]=-0.647774
		y[3]=-0.593237
		y[4]=-0.541392
		y[5]=-0.492105
		y[6]=-0.445251
		y[7]=-0.400709
		y[8]=-0.358366
		y[9]=-0.318113
		y[10]=-0.279846
		y[11]=-0.243468
		y[12]=-0.208885
		y[13]=-0.172932
		y[14]=-0.136979
		y[15]=-0.101027
		y[16]=-0.0650738
		y[17]=-0.0291212
		y[18]=0.00683153
		y[19]=0.0427842
		y[20]=0.0755112
		y[21]=0.108239
		y[22]=0.140967
		y[23]=0.173695
		y[24]=0.206423
		y[25]=0.23915
		y[26]=0.271878
		y[27]=0.306474
		y[28]=0.342865
		y[29]=0.381144
		y[30]=0.42141
		y[31]=0.463764
		y[32]=0.508316
		y[33]=0.555179
		y[34]=0.604474
		y[35]=0.656327
		y[36]=0.71087
		y[37]=0.768243
		y[38]=0.828593
		y[39]=0.892074
		y[40]=0.958849
		y[41]=1.02909
		y[42]=1.10297
		y[43]=1.18069
		y[44]=1.26244
		y[45]=1.34841
	Nz=39
		z[0]=0
		z[1]=0.0363047
		z[2]=0.072601
		z[3]=0.108897
		z[4]=0.145194
		z[5]=0.18149
		z[6]=0.217786
		z[7]=0.254082
		z[8]=0.290379
		z[9]=0.326675
		z[10]=0.362971
		z[11]=0.399268
		z[12]=0.435564
		z[13]=0.47186
		z[14]=0.508157
		z[15]=0.544453
		z[16]=0.580749
		z[17]=0.617045
		z[18]=0.653342
		z[19]=0.689638
		z[20]=0.725934
		z[21]=0.762231
		z[22]=0.798527
		z[23]=0.834823
		z[24]=0.871119
		z[25]=0.907416
		z[26]=0.943712
		z[27]=0.980008
		z[28]=1.01445
		z[29]=1.05057
		z[30]=1.08845
		z[31]=1.12817
		z[32]=1.16982
		z[33]=1.2135
		z[34]=1.25931
		z[35]=1.30734
		z[36]=1.35771
		z[37]=1.41053
		z[38]=1.46593
		z[39]=1.524
End of base mesh info---------
Input_mesh_settings--------------------------------
Settings 0----------------
	Scope: GLOBAL
	Type:	------MESHER_SETTINGS----------
	RefAllCells           =0
	RefFluidCells         =0
	RefPartCells          =0
	RefSolidCells         =0
	l_SSFR(Capture crit)  =1
	l_curv(Curvature crit)=0
	l_tol(Tolerance crit) =0
	UseChannelRef         =1
	  NCR_method          =0
	  l_NCR               =1
	  N_gap               =10
	  Use d_NCR_min       =0
	  Use d_NCR_max       =0
	IgnoreThinChannelsHeight         =0
	--END_OF_MESHER_SETTINGS-------
Settings 1----------------
	Scope: SURFACE
	Type:	------MESHER_SETTINGS----------
	RefAllCells           =0
	RefFluidCells         =0
	RefPartCells          =0
	RefSolidCells         =0
	l_SSFR(Capture crit)  =0
	l_curv(Curvature crit)=0
	l_tol(Tolerance crit) =0
	UseChannelRef         =0
	IgnoreThinChannelsHeight         =0
	Distance-level settings ON
	Distance-level settings count 2
	  Distance-level settings pair: {level=3, dist=0.005}
	  Distance-level settings pair: {level=2, dist=0.04}
	--END_OF_MESHER_SETTINGS-------
End of input mesh settings-------------------------

-----------------------------------------------------------------------
Building geometries:
-----------------------------------------------------------------------
Building body-set (0) of geometry Fluid.0.(0). ...

-----------------------------------------------------------------------
Refining by triangulation...
Refinement input: 180765 bricks
Setting regions...OK (0.003 s)
Setting regions...OK (0.003 s)
Setting regions...OK (0.003 s)
Refinement result: 186008 bricks (0.083 s)
Refinement input: 186008 bricks
Refinement result: 186008 bricks (0.006 s)
Collecting and processing rays...OK (0.062 s)
Capturing...OK (0.013 s)
Refining by triangulation takes 0.165 s
-----------------------------------------------------------------------

-----------------------------------------------------------------------
Refining peculiar surfaces...
0 surfaces refined
Refining peculiar surfaces takes 0 s
-----------------------------------------------------------------------
Collecting and processing rays...OK (0.002 s)
Capturing...OK (0.001 s)
Collecting and processing rays...OK (0.002 s)
Capturing...OK (0.001 s)
Collecting and processing rays...OK (0.002 s)
Capturing...OK (0.001 s)

-----------------------------------------------------------------------
Base mesh 1 Refining...
Refinement input: 186008 bricks
Refinement result: 186008 bricks (0.003 s)
Collecting and processing rays...OK (0.002 s)
Capturing...OK (0.001 s)
-----------------------------------------------------------------------
Refining channels...
FYI: CNarrowChannelRefiner::RefineChannels_PRLL
FYI: m_iteration_count = 0
FYI: level1 statistics:
     level1_cnt_plus[1]=0;		level1_cnt_minus[1]=0
     level1_cnt_plus[2]=0;		level1_cnt_minus[2]=0
     level1_cnt_plus[3]=0;		level1_cnt_minus[3]=0
     level1_cnt_plus[4]=0;		level1_cnt_minus[4]=0
     level1_cnt_plus[5]=0;		level1_cnt_minus[5]=0
     level1_cnt_plus[6]=0;		level1_cnt_minus[6]=0
     level1_cnt_plus[7]=0;		level1_cnt_minus[7]=0
     level1_cnt_plus[8]=0;		level1_cnt_minus[8]=0
     level1_cnt_plus[9]=0;		level1_cnt_minus[9]=0
FYI: level1 statistics:
     level1_cnt_plus[1]=0;		level1_cnt_minus[1]=0
     level1_cnt_plus[2]=0;		level1_cnt_minus[2]=0
     level1_cnt_plus[3]=0;		level1_cnt_minus[3]=0
     level1_cnt_plus[4]=0;		level1_cnt_minus[4]=0
     level1_cnt_plus[5]=0;		level1_cnt_minus[5]=0
     level1_cnt_plus[6]=0;		level1_cnt_minus[6]=0
     level1_cnt_plus[7]=0;		level1_cnt_minus[7]=0
     level1_cnt_plus[8]=0;		level1_cnt_minus[8]=0
     level1_cnt_plus[9]=0;		level1_cnt_minus[9]=0

-----------------------------------------------------------------------
U-shapes refinement...
Refinement input: 186008 bricks
Refinement result: 186008 bricks (0.011 s)
Collecting and processing rays...OK (0.002 s)
Capturing...OK (0.001 s)
-----------------------------------------------------------------------

-----------------------------------------------------------------------
Equi Distant Refiner:
- Object 0 refiner:
Marking bricks(15386) (distance calculation, calls=13907) takes 0.00 s
Refinement input: 186008 bricks
Setting regions...OK (0.002 s)
Refinement result: 207449 bricks (0.028 s)
Collecting and processing rays...OK (0.020 s)
Capturing...OK (0.003 s)
Marking bricks(24504) (distance calculation, calls=19824) takes 0.02 s
Refinement input: 207449 bricks
Setting regions...OK (0.004 s)
Refinement result: 249939 bricks (0.042 s)
Collecting and processing rays...OK (0.039 s)
Capturing...OK (0.006 s)
Marking bricks(48560) (distance calculation, calls=31723) takes 0.03 s
Refinement input: 249939 bricks
Setting regions...OK (0.004 s)
Refinement result: 296398 bricks (0.053 s)
Collecting and processing rays...OK (0.024 s)
Capturing...OK (0.008 s)
Marking bricks(53096) (distance calculation, calls=5840) takes 0.00 s
Refinement input: 296398 bricks
Setting regions...OK (0.001 s)
Refinement result: 296398 bricks (0.037 s)
Collecting and processing rays...OK (0.002 s)
Capturing...OK (0.001 s)
- Object 0 refiner takes 0.34 s
Equi Distant Refiner takes 0.34 s
-----------------------------------------------------------------------
Building geometry takes 0.649 s
Geometry Fluid.0.
Total		296398
Partial	32485
Fluid		245515
Solid		18398
Bad		0

/-Ray Intersection---------------/ Time	0.356 s
Calls			33833
CorrectRay Calls	0



-----------------------------------------------------------------------
Building geometries takes 0.666 s
-----------------------------------------------------------------------

-----------------------------------------------------------------------
PostBuilding geometries:
-----------------------------------------------------------------------
PostBuilding body-set (0) geometry Fluid.0. (0)...
Collecting and processing rays...OK (0.003 s)
Capturing...OK (0.001 s)
PostBuilding geometry takes 0.007 s
Geometry Fluid.0.
Total		296398
Partial	32485
Fluid		245515
Solid		18398
Bad		0

-----------------------------------------------------------------------
PostBuilding geometries takes 0.023 s
-----------------------------------------------------------------------
Defect ray count	0
FYI: CNarrowChannelRefiner::RedistributeLevel1_step_1: is finished
FYI: level1 statistics:
     level1_cnt_plus[1]=5238;		level1_cnt_minus[1]=0
     level1_cnt_plus[2]=44407;		level1_cnt_minus[2]=0
     level1_cnt_plus[3]=64160;		level1_cnt_minus[3]=0
     level1_cnt_plus[4]=0;		level1_cnt_minus[4]=0
     level1_cnt_plus[5]=0;		level1_cnt_minus[5]=0
     level1_cnt_plus[6]=0;		level1_cnt_minus[6]=0
     level1_cnt_plus[7]=0;		level1_cnt_minus[7]=0
     level1_cnt_plus[8]=0;		level1_cnt_minus[8]=0
     level1_cnt_plus[9]=0;		level1_cnt_minus[9]=0
FYI: CNarrowChannelRefiner::RedistributeLevel1_step_2: is started
FYI: CNarrowChannelRefiner::RedistributeLevel1_step_2: is finished
FYI: level1 statistics:
     level1_cnt_plus[1]=5267;		level1_cnt_minus[1]=0
     level1_cnt_plus[2]=44409;		level1_cnt_minus[2]=0
     level1_cnt_plus[3]=64160;		level1_cnt_minus[3]=0
     level1_cnt_plus[4]=0;		level1_cnt_minus[4]=0
     level1_cnt_plus[5]=0;		level1_cnt_minus[5]=0
     level1_cnt_plus[6]=0;		level1_cnt_minus[6]=0
     level1_cnt_plus[7]=0;		level1_cnt_minus[7]=0
     level1_cnt_plus[8]=0;		level1_cnt_minus[8]=0
     level1_cnt_plus[9]=0;		level1_cnt_minus[9]=0
FYI: CNarrowChannelRefiner::RedistributeLevel1_step_3: is started
FYI: CNarrowChannelRefiner::RedistributeLevel1_step_3: is finished
RedistributeLevel1 takes:
FYI: level1 statistics:
     level1_cnt_plus[1]=5267;		level1_cnt_minus[1]=296
     level1_cnt_plus[2]=44409;		level1_cnt_minus[2]=1562
     level1_cnt_plus[3]=64160;		level1_cnt_minus[3]=1301
     level1_cnt_plus[4]=0;		level1_cnt_minus[4]=0
     level1_cnt_plus[5]=0;		level1_cnt_minus[5]=0
     level1_cnt_plus[6]=0;		level1_cnt_minus[6]=0
     level1_cnt_plus[7]=0;		level1_cnt_minus[7]=0
     level1_cnt_plus[8]=0;		level1_cnt_minus[8]=0
     level1_cnt_plus[9]=0;		level1_cnt_minus[9]=0
-----------------------------------------------------------------------
MSH format builder (Iteration 0)
-----------------------------------------------------------------------
Memory Working Set Current = 105.46 Mb, Memory Working Set Peak = 121.36 Mb
Process Threads Number: 29
-----------------------------------------------------------------------
Loading geometries triangulation & x-stacks...OK
x-stacks size = 1.27 Mb
Total bricks count: 296398
-----------------------------------------------------------------------
MSH (Real Geometry) format constructor:
	Getting brick sets...OK (0.005 s)
	Min x-stack xeps = 0.00111852
	D / dh / eps [axis=0] = (5.12197, 0.00437388, 4.37388e-06)
	D / dh / eps [axis=1] = (2.11391, 0.00409087, 4.09087e-06)
	D / dh / eps [axis=2] = (1.524, 0.00430532, 4.30532e-06)
	Time (xeps): 0.002 s
Level 3
	Set (0)  size: 32860
	Set (0)  time: 0.110 s
	Set (1)  size: 32860
	Set (1)  time: 0.104 s
Level 2
	Set (0)  size: 23054
	Set (0)  time: 0.006 s
	Set (1)  size: 23051
	Set (1)  time: 0.006 s
Level 1
	Set (0)  size: 2659
	Set (0)  time: 0.002 s
	Set (1)  size: 2663
	Set (1)  time: 0.002 s
Level 0
	Set (0)  size: 89627
	Set (0)  time: 0.016 s
	Set (1)  size: 89624
	Set (1)  time: 0.016 s
Result:
	Bricks number:                        296398

	Memory usage:                         17.899 MB
	Memory usage (per brick):             0.062 KB
	Construction time:                    0.272 s

	Topology features:
	------------------
	- High quality bricks                 100.00 % (296396)
	- Medium quality bricks                 0.00 % (2)
	- Bad quality bricks                    0.00 % (0)
	- Ribs corrected bricks                 0.00 % (0)
	- Points with geom-info (bricks)        0.03 % (102)
	- Points with closest-info (bricks)     0.00 % (0)
	- Triangulated by center (bricks)       0.00 % (8)
	- Facet w-faces mergings (bricks)       0.00 % (0)
	- To refine (bricks)                    0.00 % (0)

-----------------------------------------------------------------------
Memory Working Set Current = 163.04 Mb, Memory Working Set Peak = 163.05 Mb
Process Threads Number: 29
-----------------------------------------------------------------------
-----------------------------------------------------------------------
-----------------------------------------------------------------------
MSH --> BCF format (Iteration 0)...
BCF collector...(remove mode=0)
	Time (alloc counter per brick): 0.006 s
	Brick    count: 296398
	Av.f all count: 278611
	Av.s all count: 51494
	Av.f pid count: 33707
	Av.s pid count: 33096
	Faces fs count: 35828
	Faces ff count: 0
	Faces ss count: 0
	Faces bb count: 0
	Faces fe count: 21586
	Faces se count: 1802
	Faces fw count: 59216
	Faces af count: 829556
	Faces as count: 144497
	Time (all count): 	0.021 s
	Time (bcf alloc): 	0.001 s
	Time (shifts alloc): 	0.012 s
	Time (shifts init): 	0.012 s
	Time (bcf fill): 	0.055 s
	Time (add av to faces): 0.003 s
	Time (add faces to av): 0.053 s
Time (bcf collect): 		0.175 s
	AV checker...
	Time (check av): 	0.053 s
	Subdomain checker...
		Subdomains construction time: 0.072 s.
		Subdomains sort time: 0.000 s.
			Subdomain 0 (geom_ind=0): 278611 av
			Subdomain 1 (geom_ind=1): 51494 av
		gi: 0, subdomains: 1, real bodies: 1
		gi: 1, subdomains: 1, real bodies: 0
		Defect subdomains: 0
	Time (check subdoms): 	0.076 s
Time (bcf iteration total): 	0.306 s
	Time (fw-nb): 		0.002 s
	Fixed mutual fw-nb:     3538 (bb: 0)
	Time (fw-nb mutual): 	0.004 s
	Time (fw-nb sort): 	0.001 s
	Fw-opt BEFORE total:    59216 (fs=35828, ff=0, ss=0)
	Fw-opt AFTER  total:    58518 (fs=35130, ff=0, ss=0, failed fw/br=0/0, big_curv=8, big_poly=0)
	Fw-opt RESULT:          698 (res/(fs+ff+ss) = 1.95 %)
	Time (fw-opt): 		0.006 s
	Time (fw-re-order): 	0.009 s
	Time (fw-nb): 		0.011 s
	Fixed mutual fw-nb:     117358 (bb: 0)
	Time (fw-nb mutual): 	0.010 s
	Time (fw-nb sort): 	0.002 s
	Time (rfd fix): 	0.000 s
	Time (av convexity): 	0.007 s
	Time (av small volume): 0.002 s
	Time (diagonal fw-nb): 	0.035 s
	Fixed mutual fw-nb:     0 (bb: 0)
	Time (fw-nb mutual): 	0.004 s
	Time (fw-nb sort): 	0.002 s
	Fluid subdomains: 1
	Faces fw-nb diff sd:    0
	Time (fw-nb diff sd): 	0.073 s
Time (bcf calc): 		0.203 s
-----------------------------------------------------------------------
Time (bcf total): 		0.509 s
-----------------------------------------------------------------------
-----------------------------------------------------------------------
Mega-cv constructor for fluid...
	 0 av's is treated as thin
Relative size generator (threshold = 0.05)...
	Iteration 1 (small cluster count = 2591)
	Iteration 2 (small cluster count = 1477)
	Iteration 3 (small cluster count = 370)
	Iteration 4 (small cluster count = 44)
	Iteration 5 (small cluster count = 3)
	Iteration 6 (small cluster count = 2)
	Iteration 7 (small cluster count = 1)
	Iteration 8 (small cluster count = 0)
	 2588 mega-cv's generated
	 1 mega-cv's removed
Relative size generator is completed OK (0.021 s)
Apply fa-rules to mega-cv clusters fixes...
OK (0.003 s)
Convert clusters:
	 2587 mega-cv's total
Mega-cv count: 2587
Time (mega-cv fill): 	0.003 s
Time (mega-cv total): 	0.144 s
-----------------------------------------------------------------------
Mixing plane rotation regions: NO.
Sliding mesh rotation regions: NO.
Fluid/fluid faces: NO.
----------------------------------------------------------
BCF --> BCF.GEOMSUBDOM (bridge arrays):
MESH (0):
	Fluid Subdom Constructor: 1 subdom(s).
	Solid Subdom Constructor: 1 subdom(s).
	Net Asm Subdom Constructor: 0 subdom(s).
	GEOMSUBDOM (0): gi=0 fluid av=278611 cv=275996 fa=829556 fb=0 fw=56716 V=1.649230e+01
	Cache data...OK
	GEOMSUBDOM (1): gi=1 solid av=51494 cv=51494 fa=144497 fb=0 fw=36932 V=8.691898e-03
	Cache data...OK
	Setting nb of w-faces...OK (0.012 s).
	Correcting nb of w-faces...
	Time(correct_fw_nb)=0.008 s

MESH (0) checking:
	GEOMSUBDOM (0):fa_s=1094.6281898474894660 fb_s=0.0000000000000000 fw_s=44.3213466283880848 fw_nb=454036
	              :d_const(102416)=1.87201e-11 d_linear(115592)=6.98502e-11
	GEOMSUBDOM (1):fa_s=3.1702298374831122 fb_s=0.0000000000000000 fw_s=0.8457829736381228 fw_nb=287870
	              :d_const(44108)=3.26087e-10 d_linear(44108)=2.213e-09
MESH (0) checking: OK.
Time (MDS): 	0.559 s
----------------------------------------------------------

-----------------------------------------------------------------------
BCF CHECKSUM DATA (Mesh 0):

BRICK |Level1| Sum:               293888
FACE_A Area Sum:   G.Fluid        1094.6281898474910577
FACE_A Area Sum:   G.Solid        3.1702298374831082
FACE_W Area Sum:                  44.4384831609214501
FACE_W Nb   Sum:                  461668
FACE_W min curvatures sum:        -1863.40376716
FACE_W max curvatures sum:        953676.61650254
AV Max Disbalance(Const) :        3.26087e-10 (cid=71652, t={380, 142, 49}, avid=297238, pid=12151)
AV Max Disbalance(Linear):        2.213e-09 (cid=71652, t={380, 142, 49}, avid=297238, pid=12151)
-----------------------------------------------------------------------


-----------------------------------------------------------------------
MESHER TOPOLOGY DATA:

BRICKS: Total                 296398
BRICKS: 1-CV                  263302
BRICKS: 2-CV                  32485
BRICKS: 3-CV                  611
BRICKS: Bad                   0

AV:     G.Total               330105
AV:     G.Fluid               278611
AV:     G.Solid               51494

AV:     G.Fluid Thin Profile    0.00 % (0)
AV:     G.Solid Thin Profile    1.19 % (611)

AV:     G.Fluid Thin For Mega   0.00 % (0)
AV:     G.Solid Thin For Mega   1.17 % (604)

AV:     G.Fluid Non-Convex      0.39 % (1097)
AV:     G.Solid Non-Convex      0.56 % (287)

AV:     G.Fluid Non-Ess-Convex      0.31 % (851)
AV:     G.Solid Non-Ess-Convex      0.42 % (217)

FACE_A: G.Fluid          (af) 829556 (partially opened 67336)
FACE_A: G.Solid          (as) 144497 (partially opened 66114)

FACE_B: G.Total          (b)  0

FACE_W: G.Total                 58518       Brick/Bound
FACE_W: G.Fluid/Solid    (fs_g) 35130       0           
FACE_W: G.Fluid/Fluid    (ff_g) 0           0           
FACE_W: G.Solid/Solid    (ss_g) 0           0           
FACE_W: G.Fluid/External (fe_g) 21586
FACE_W: G.Solid/External (se_g) 1802

AV/CV max fa count (on brick side):6
AV/CV max fw count:                6
AV/CV max fb count:                0
AV/CV max fw poly count:           13

MEMORY: Total                   100.983 MB
MEMORY: Per Brick               0.349 KB
-----------------------------------------------------------------------

-----------------------------------------------------------------------
Connectivities information:
	Number of conns: 0
-----------------------------------------------------------------------
	Time (gap size): 	0.111 s
-----------------------------------------------------------------------
Calculating curvature and tolerance criteria...
Curvature: min=0 max=3.14159
Tolerance: min=0 max=0.0174181
Calculating curvature and tolerance criteria takes 0.086 s
-----------------------------------------------------------------------
MESH Build(FS) finished. Time=2.764 s
-----------------------------------------------------------------------
Current CPU = 3 sec

Nx=103
Ny=45
Nz=39
Max BRICK Level=3
Mesh Level=3
-----------------CModelBodies2MeshMapper::CollectData started -------------------------------
-----------------CModelBodies2MeshMapper Report -------------------------------
FluidDomains 1 SolidDomains 1 VoidDomains 0 
Domains RefIndexes
Domain 0, Index count 26
Domain 1, Index count 26
----------------- -------------------------------
	ModelBodies
Total resolved Bodies 0 BodySets 0

--------------------------------------------------------------------------
	Positive geometry Bodies
Total resolved Bodies 1 BodySets 1
BodySet 0
	Bodies list:
			#0	Name: ;	ID: 19b75566-d176-466c-a4ee-450ac2289509
	Domains list:		 0 

--------------------------------------------------------------------------
	Fluid regions
Total resolved Bodies 1 BodySets 1
BodySet 0	Material: Air; 
	Bodies list:
			#0	Name: ;	ID: 19b75566-d176-466c-a4ee-450ac2289509
	Domains list:		 0 

--------------------------------------------------------------------------
-----------------CModelBodies2MeshMapper::CollectData finished successfully-------------------
Saving initial mesh in: C:\Users\PC\Education\2024\FAKI_SKAT2024\Manufacturing\Model\Study1\1\Parametric Study 2\2\2.fld .
Storing results...
Estimated CPT size=41.230 MB.
	Time (write bcf): 1.016 s
OK
-----------------------------------------------------------------------
Memory Working Set Current = 418.86 Mb, Memory Working Set Peak = 420.66 Mb
Process Threads Number: 29
-----------------------------------------------------------------------
Cleaning memory...
		Time (free xsl):                    	0.007 s
Free Geometry DB takes 0.000 s
	Time (free bcf): 	0.073 s
		Time (free bcf mesh):               	0.206 s
	Time (free mesher data):              	0.214 s
Copying... OK
Mesh generation normally finished at	22.5.2024	14:40:0
Mesher CPU = 4 sec
Mesher is finished at	22.5.2024	14:40:0
-----------------------------------------------------------------------
Memory Working Set Current = 59.92 Mb, Memory Working Set Peak = 420.66 Mb
Process Threads Number: 29
-----------------------------------------------------------------------
Algebra Pool      : mem_usage = 7.75 Mb, allocated count = 0
Log ended at 22.05.2024	14:40:01
