Log started at 19.05.2024	12:48:15
Number of used processors (NPROC): 12.
Number of mesh partitions (NPART): 12.
Total Physical Memory = 7.37 Gb, Available Physical Memory = 4.37 Gb
Computer name:	LAPTOP-EB2E7OE8
Operating system:	Windows 10 (or higher) (Version 10.0.19045)

SOLIDWORKS 2020 SP4.0
Flow Simulation 2020  x64 / 4995 / MESHER ver. efd_dev.4663_05.07.2019 

Project: C:\Users\PC\Education\2024\FAKI_SKAT2024\Manufacturing\1\1.xmlconfig
Configuration name: Default
Project name: study1
NGK: OFF
MBO: OFF

Mesh generation started:	19.5.2024	12:48:15
-----------------------------------------------------------------------
Mesher option run = eRunMesherNormal
-----------------------------------------------------------------------
Current CPU = 0 sec
-----------------------------------------------------------------------
Geometries initialization:
-----------------------------------------------------------------------
Loading mesh settings (global/local)...
-----------------------------------------------------------------------
Number of geometries from DB: 1
Geometry(0):
	Guid = {00000000-0000-0000-0000-000000000000}
	Fluid..
	1 Body.
	1 Real body.
	-- Bodyset 0 --
		Tolerance=0.000157226.
		27 Face(s).
			27 of b-spline type.
		0 Face(s) that have no ref faces
		7 Plane surface(s).
		3 Cylinder surface(s).
		10 B- surface(s).
		7 Extrude surface(s).
		5196 Triangle(s).
		Getting triangle connectivities from DB: 0.001 s
		77 Edge(s).
			77 of b-spline type.
		BodyGeom reading: 0.006 s.
		26 Reference Face(s).
		4986 Reference Triangles.
		Getting triangle connectivities from DB (Ref): 0.001 s
		BodyGeom Ref reading: 0.001 s.
		Getting triangle connectivities from DB (Extra Triangulation): 0.001 s
Geometry(1):
	Solid.
	-- Bodyset 1 --
	Empty
-----------------------------------------------------------------------
Number of geometries in task: 2
Number of bodysets   in task: 2
-----------------------------------------------------------------------
	Making hash and connectivity for Bodyset ...
		CBodyGeom:
		Hash size: {106, 43, 50}.
		Mesh size: {106, 43, 50}.
		Hashing triangles...Ok.
			axis(0) tr sizes: average=74 max=501
			axis(1) tr sizes: average=22 max=379
			axis(2) tr sizes: average=20 max=153
		Number of t-connected sets:1
			(0) size=5196
		Done.
		CBodyGeomRef:
		Hashing triangles...Ok.
			axis(0) tr sizes: average=62 max=458
			axis(1) tr sizes: average=20 max=371
			axis(2) tr sizes: average=15 max=139
		Done.
	0.00826 s.
Geometries reading and preparing has taken 0.018 s.

Mapped triangles:
Hashing mesh regions data
	Triangles num=2722
	Triangles box={-0.169952  ,1.11275  ,-0.114401  ,0.2  ,-1  ,1  }
		3d-hash size is 958352 bytes
		rays hash size is 269516 bytes
Hashing geometries triangles
	Triangles num=5196
	Triangles box={-0.169952  ,1.11275  ,-0.114401  ,0.2  ,-0.00195582  ,1  }
		3d-hash size is 1002212 bytes
Hashing peculiar surfaces triangles
Mapped triangles processed in 0.030 s.
-----------------------------------------------------------------------
Getting sectors:
Number of sectors: 0
-----------------------------------------------------------------------
-----------------------------------------------------------------------

Current CPU = 0 sec

-----------------------------------------------------------------------
Mesh dimensions:
				I[0 ]=106
				I[1 ]=43
				I[2 ]=50

Comp. domain size:
				a[0  ]=-0.786903
				a[1  ]=3.72761
				a[2  ]=-0.718193
				a[3  ]=1.08246
				a[4  ]=0
				a[5  ]=1.95582

Fluid calculated			1
Solid calculated			0
-----------------------------------------------------------------------
MESH Build started...
-----------------------------------------------------------------------
Mesh LEVEL = 3
-----------------------------------------------------------------------
Setting regions...OK (0.005 s)
Base mesh info------------------
	2D flag  =0
	Period   =[0, 0, 0]
	Nx=106
		x[0]=-0.786903
		x[1]=-0.614126
		x[2]=-0.489898
		x[3]=-0.400539
		x[4]=-0.336262
		x[5]=-0.290026
		x[6]=-0.256768
		x[7]=-0.232845
		x[8]=-0.20937
		x[9]=-0.185895
		x[10]=-0.16242
		x[11]=-0.138945
		x[12]=-0.115471
		x[13]=-0.0919958
		x[14]=-0.0685209
		x[15]=-0.0450461
		x[16]=-0.0215712
		x[17]=0.00190362
		x[18]=0.0253785
		x[19]=0.0488533
		x[20]=0.0723282
		x[21]=0.095803
		x[22]=0.119278
		x[23]=0.142753
		x[24]=0.166228
		x[25]=0.189702
		x[26]=0.213177
		x[27]=0.236652
		x[28]=0.260127
		x[29]=0.283602
		x[30]=0.307077
		x[31]=0.330552
		x[32]=0.354026
		x[33]=0.377501
		x[34]=0.400976
		x[35]=0.424451
		x[36]=0.447926
		x[37]=0.471401
		x[38]=0.494924
		x[39]=0.518447
		x[40]=0.54197
		x[41]=0.565494
		x[42]=0.589017
		x[43]=0.61254
		x[44]=0.636064
		x[45]=0.659587
		x[46]=0.68311
		x[47]=0.706634
		x[48]=0.730157
		x[49]=0.75368
		x[50]=0.777203
		x[51]=0.800727
		x[52]=0.82425
		x[53]=0.847773
		x[54]=0.871297
		x[55]=0.89482
		x[56]=0.918343
		x[57]=0.941866
		x[58]=0.96539
		x[59]=0.988913
		x[60]=1.01244
		x[61]=1.03596
		x[62]=1.05948
		x[63]=1.08301
		x[64]=1.10653
		x[65]=1.13005
		x[66]=1.15358
		x[67]=1.1771
		x[68]=1.20062
		x[69]=1.22415
		x[70]=1.24767
		x[71]=1.27119
		x[72]=1.29472
		x[73]=1.31824
		x[74]=1.34176
		x[75]=1.36529
		x[76]=1.38881
		x[77]=1.41233
		x[78]=1.43586
		x[79]=1.45938
		x[80]=1.4829
		x[81]=1.50643
		x[82]=1.52995
		x[83]=1.55347
		x[84]=1.577
		x[85]=1.60052
		x[86]=1.62404
		x[87]=1.64756
		x[88]=1.67109
		x[89]=1.69461
		x[90]=1.71813
		x[91]=1.74166
		x[92]=1.76513
		x[93]=1.79375
		x[94]=1.82864
		x[95]=1.87118
		x[96]=1.92304
		x[97]=1.98627
		x[98]=2.06336
		x[99]=2.15735
		x[100]=2.27193
		x[101]=2.41163
		x[102]=2.58195
		x[103]=2.78961
		x[104]=3.04277
		x[105]=3.35142
		x[106]=3.72761
	Ny=43
		y[0]=-0.718193
		y[1]=-0.592026
		y[2]=-0.489402
		y[3]=-0.405898
		y[4]=-0.337953
		y[5]=-0.282668
		y[6]=-0.237684
		y[7]=-0.201081
		y[8]=-0.171298
		y[9]=-0.147065
		y[10]=-0.127347
		y[11]=-0.111302
		y[12]=-0.0941818
		y[13]=-0.0770617
		y[14]=-0.0599416
		y[15]=-0.0428215
		y[16]=-0.0257014
		y[17]=-0.00858125
		y[18]=0.00853887
		y[19]=0.025659
		y[20]=0.0427791
		y[21]=0.0598992
		y[22]=0.0770193
		y[23]=0.0941394
		y[24]=0.11126
		y[25]=0.12838
		y[26]=0.1455
		y[27]=0.16262
		y[28]=0.17974
		y[29]=0.19686
		y[30]=0.212863
		y[31]=0.231927
		y[32]=0.254635
		y[33]=0.281685
		y[34]=0.313907
		y[35]=0.352288
		y[36]=0.398008
		y[37]=0.452469
		y[38]=0.517341
		y[39]=0.594617
		y[40]=0.686666
		y[41]=0.796314
		y[42]=0.926925
		y[43]=1.08246
	Nz=50
		z[0]=0
		z[1]=0.0245056
		z[2]=0.0490056
		z[3]=0.0735056
		z[4]=0.0980056
		z[5]=0.122506
		z[6]=0.147006
		z[7]=0.171506
		z[8]=0.196006
		z[9]=0.220506
		z[10]=0.245006
		z[11]=0.269506
		z[12]=0.294006
		z[13]=0.318506
		z[14]=0.343006
		z[15]=0.367506
		z[16]=0.392006
		z[17]=0.416506
		z[18]=0.441006
		z[19]=0.465506
		z[20]=0.490006
		z[21]=0.514506
		z[22]=0.539006
		z[23]=0.563506
		z[24]=0.588006
		z[25]=0.612506
		z[26]=0.637006
		z[27]=0.661506
		z[28]=0.686006
		z[29]=0.710506
		z[30]=0.735006
		z[31]=0.759506
		z[32]=0.784006
		z[33]=0.808506
		z[34]=0.833006
		z[35]=0.857506
		z[36]=0.882006
		z[37]=0.906506
		z[38]=0.931006
		z[39]=0.955506
		z[40]=0.980006
		z[41]=1.0042
		z[42]=1.03539
		z[43]=1.07558
		z[44]=1.12739
		z[45]=1.19416
		z[46]=1.28022
		z[47]=1.39115
		z[48]=1.53411
		z[49]=1.71838
		z[50]=1.95582
End of base mesh info---------
Input_mesh_settings--------------------------------
Settings 0----------------
	Scope: GLOBAL
	Type:	------MESHER_SETTINGS----------
	RefAllCells           =0
	RefFluidCells         =0
	RefPartCells          =0
	RefSolidCells         =0
	l_SSFR(Capture crit)  =1
	l_curv(Curvature crit)=0
	l_tol(Tolerance crit) =0
	UseChannelRef         =1
	  NCR_method          =0
	  l_NCR               =1
	  N_gap               =10
	  Use d_NCR_min       =0
	  Use d_NCR_max       =0
	IgnoreThinChannelsHeight         =0
	--END_OF_MESHER_SETTINGS-------
Settings 1----------------
	Scope: VOLUME
	Type:	------MESHER_SETTINGS----------
	RefAllCells           =0
	RefFluidCells         =0
	RefPartCells          =0
	RefSolidCells         =0
	l_SSFR(Capture crit)  =0
	l_curv(Curvature crit)=0
	l_tol(Tolerance crit) =0
	UseChannelRef         =0
	IgnoreThinChannelsHeight         =0
	Distance-level settings ON
	Distance-level settings count 2
	  Distance-level settings pair: {level=3, dist=0.01}
	  Distance-level settings pair: {level=2, dist=0.03}
	--END_OF_MESHER_SETTINGS-------
End of input mesh settings-------------------------

-----------------------------------------------------------------------
Building geometries:
-----------------------------------------------------------------------
Building body-set (0) of geometry Fluid.0.(0). ...

-----------------------------------------------------------------------
Refining by triangulation...
Refinement input: 227900 bricks
Setting regions...OK (0.005 s)
Setting regions...OK (0.005 s)
Setting regions...OK (0.006 s)
Refinement result: 234158 bricks (0.106 s)
Refinement input: 234158 bricks
Refinement result: 234158 bricks (0.008 s)
Collecting and processing rays...OK (0.071 s)
Capturing...OK (0.014 s)
Refining by triangulation takes 0.2 s
-----------------------------------------------------------------------

-----------------------------------------------------------------------
Refining peculiar surfaces...
0 surfaces refined
Refining peculiar surfaces takes 0 s
-----------------------------------------------------------------------
Collecting and processing rays...OK (0.002 s)
Capturing...OK (0.001 s)
Collecting and processing rays...OK (0.002 s)
Capturing...OK (0.001 s)
Collecting and processing rays...OK (0.002 s)
Capturing...OK (0.001 s)

-----------------------------------------------------------------------
Base mesh 1 Refining...
Refinement input: 234158 bricks
Refinement result: 234158 bricks (0.005 s)
Collecting and processing rays...OK (0.003 s)
Capturing...OK (0.001 s)
-----------------------------------------------------------------------
Refining channels...
FYI: CNarrowChannelRefiner::RefineChannels_PRLL
FYI: m_iteration_count = 0
FYI: level1 statistics:
     level1_cnt_plus[1]=0;		level1_cnt_minus[1]=0
     level1_cnt_plus[2]=0;		level1_cnt_minus[2]=0
     level1_cnt_plus[3]=0;		level1_cnt_minus[3]=0
     level1_cnt_plus[4]=0;		level1_cnt_minus[4]=0
     level1_cnt_plus[5]=0;		level1_cnt_minus[5]=0
     level1_cnt_plus[6]=0;		level1_cnt_minus[6]=0
     level1_cnt_plus[7]=0;		level1_cnt_minus[7]=0
     level1_cnt_plus[8]=0;		level1_cnt_minus[8]=0
     level1_cnt_plus[9]=0;		level1_cnt_minus[9]=0
FYI: level1 statistics:
     level1_cnt_plus[1]=0;		level1_cnt_minus[1]=0
     level1_cnt_plus[2]=0;		level1_cnt_minus[2]=0
     level1_cnt_plus[3]=0;		level1_cnt_minus[3]=0
     level1_cnt_plus[4]=0;		level1_cnt_minus[4]=0
     level1_cnt_plus[5]=0;		level1_cnt_minus[5]=0
     level1_cnt_plus[6]=0;		level1_cnt_minus[6]=0
     level1_cnt_plus[7]=0;		level1_cnt_minus[7]=0
     level1_cnt_plus[8]=0;		level1_cnt_minus[8]=0
     level1_cnt_plus[9]=0;		level1_cnt_minus[9]=0

-----------------------------------------------------------------------
U-shapes refinement...
Refinement input: 234158 bricks
Refinement result: 234158 bricks (0.016 s)
Collecting and processing rays...OK (0.003 s)
Capturing...OK (0.001 s)
-----------------------------------------------------------------------

-----------------------------------------------------------------------
Equi Distant Refiner:
- Object 0 refiner:
Marking bricks(59850) (distance calculation, calls=57735) takes 0.01 s
Refinement input: 234158 bricks
Setting regions...OK (0.010 s)
Refinement result: 286336 bricks (0.047 s)
Collecting and processing rays...OK (0.050 s)
Capturing...OK (0.006 s)
Marking bricks(59632) (distance calculation, calls=39126) takes 0.03 s
Refinement input: 286336 bricks
Setting regions...OK (0.033 s)
Refinement result: 475595 bricks (0.104 s)
Collecting and processing rays...OK (0.126 s)
Capturing...OK (0.018 s)
Marking bricks(216296) (distance calculation, calls=164211) takes 0.14 s
Refinement input: 475595 bricks
Setting regions...OK (0.086 s)
Refinement result: 886978 bricks (0.226 s)
Collecting and processing rays...OK (0.265 s)
Capturing...OK (0.036 s)
Marking bricks(470152) (distance calculation, calls=15760) takes 0.01 s
Refinement input: 886978 bricks
Setting regions...OK (0.004 s)
Refinement result: 886978 bricks (0.096 s)
Collecting and processing rays...OK (0.007 s)
Capturing...OK (0.003 s)
- Object 0 refiner takes 1.22 s
Equi Distant Refiner takes 1.22 s
-----------------------------------------------------------------------
Building geometry takes 1.604 s
Geometry Fluid.0.
Total		886978
Partial	97858
Fluid		717374
Solid		71746
Bad		0

/-Ray Intersection---------------/ Time	0.859 s
Calls			90488
CorrectRay Calls	0



-----------------------------------------------------------------------
Building geometries takes 1.648 s
-----------------------------------------------------------------------

-----------------------------------------------------------------------
PostBuilding geometries:
-----------------------------------------------------------------------
PostBuilding body-set (0) geometry Fluid.0. (0)...
Collecting and processing rays...OK (0.007 s)
Capturing...OK (0.003 s)
PostBuilding geometry takes 0.021 s
Geometry Fluid.0.
Total		886978
Partial	97858
Fluid		717374
Solid		71746
Bad		0

-----------------------------------------------------------------------
PostBuilding geometries takes 0.067 s
-----------------------------------------------------------------------
Defect ray count	0
FYI: CNarrowChannelRefiner::RedistributeLevel1_step_1: is finished
FYI: level1 statistics:
     level1_cnt_plus[1]=15318;		level1_cnt_minus[1]=0
     level1_cnt_plus[2]=146477;		level1_cnt_minus[2]=0
     level1_cnt_plus[3]=499924;		level1_cnt_minus[3]=0
     level1_cnt_plus[4]=0;		level1_cnt_minus[4]=0
     level1_cnt_plus[5]=0;		level1_cnt_minus[5]=0
     level1_cnt_plus[6]=0;		level1_cnt_minus[6]=0
     level1_cnt_plus[7]=0;		level1_cnt_minus[7]=0
     level1_cnt_plus[8]=0;		level1_cnt_minus[8]=0
     level1_cnt_plus[9]=0;		level1_cnt_minus[9]=0
FYI: CNarrowChannelRefiner::RedistributeLevel1_step_2: is started
FYI: CNarrowChannelRefiner::RedistributeLevel1_step_2: is finished
FYI: level1 statistics:
     level1_cnt_plus[1]=15318;		level1_cnt_minus[1]=0
     level1_cnt_plus[2]=146477;		level1_cnt_minus[2]=0
     level1_cnt_plus[3]=499924;		level1_cnt_minus[3]=0
     level1_cnt_plus[4]=0;		level1_cnt_minus[4]=0
     level1_cnt_plus[5]=0;		level1_cnt_minus[5]=0
     level1_cnt_plus[6]=0;		level1_cnt_minus[6]=0
     level1_cnt_plus[7]=0;		level1_cnt_minus[7]=0
     level1_cnt_plus[8]=0;		level1_cnt_minus[8]=0
     level1_cnt_plus[9]=0;		level1_cnt_minus[9]=0
FYI: CNarrowChannelRefiner::RedistributeLevel1_step_3: is started
FYI: CNarrowChannelRefiner::RedistributeLevel1_step_3: is finished
RedistributeLevel1 takes:
FYI: level1 statistics:
     level1_cnt_plus[1]=15318;		level1_cnt_minus[1]=103
     level1_cnt_plus[2]=146477;		level1_cnt_minus[2]=397
     level1_cnt_plus[3]=499924;		level1_cnt_minus[3]=1976
     level1_cnt_plus[4]=0;		level1_cnt_minus[4]=0
     level1_cnt_plus[5]=0;		level1_cnt_minus[5]=0
     level1_cnt_plus[6]=0;		level1_cnt_minus[6]=0
     level1_cnt_plus[7]=0;		level1_cnt_minus[7]=0
     level1_cnt_plus[8]=0;		level1_cnt_minus[8]=0
     level1_cnt_plus[9]=0;		level1_cnt_minus[9]=0
-----------------------------------------------------------------------
MSH format builder (Iteration 0)
-----------------------------------------------------------------------
Memory Working Set Current = 241.34 Mb, Memory Working Set Peak = 294.82 Mb
Process Threads Number: 29
-----------------------------------------------------------------------
Loading geometries triangulation & x-stacks...OK
x-stacks size = 3.77 Mb
Total bricks count: 886978
-----------------------------------------------------------------------
MSH (Real Geometry) format constructor:
	Getting brick sets...OK (0.016 s)
	Min x-stack xeps = 0.000114271
	D / dh / eps [axis=0] = (4.51451, 0.00293436, 2.93436e-06)
	D / dh / eps [axis=1] = (1.80066, 0.00200037, 2.00037e-06)
	D / dh / eps [axis=2] = (1.95582, 0.0030244, 3.0244e-06)
	Time (xeps): 0.005 s
Level 3
	Set (0)  size: 250964
	Set (0)  time: 0.402 s
	Set (1)  size: 250964
	Set (1)  time: 0.405 s
Level 2
	Set (0)  size: 73762
	Set (0)  time: 0.017 s
	Set (1)  size: 73737
	Set (1)  time: 0.017 s
Level 1
	Set (0)  size: 7394
	Set (0)  time: 0.002 s
	Set (1)  size: 7390
	Set (1)  time: 0.001 s
Level 0
	Set (0)  size: 111379
	Set (0)  time: 0.019 s
	Set (1)  size: 111388
	Set (1)  time: 0.019 s
Result:
	Bricks number:                        886978

	Memory usage:                         53.302 MB
	Memory usage (per brick):             0.062 KB
	Construction time:                    0.907 s

	Topology features:
	------------------
	- High quality bricks                 100.00 % (886971)
	- Medium quality bricks                 0.00 % (7)
	- Bad quality bricks                    0.00 % (0)
	- Ribs corrected bricks                 0.00 % (0)
	- Points with geom-info (bricks)        0.07 % (636)
	- Points with closest-info (bricks)     0.00 % (0)
	- Triangulated by center (bricks)       0.00 % (7)
	- Facet w-faces mergings (bricks)       0.00 % (0)
	- To refine (bricks)                    0.00 % (0)

-----------------------------------------------------------------------
Memory Working Set Current = 364.42 Mb, Memory Working Set Peak = 364.42 Mb
Process Threads Number: 29
-----------------------------------------------------------------------
-----------------------------------------------------------------------
-----------------------------------------------------------------------
MSH --> BCF format (Iteration 0)...
BCF collector...(remove mode=0)
	Time (alloc counter per brick): 0.009 s
	Brick    count: 886978
	Av.f all count: 815690
	Av.s all count: 170062
	Av.f pid count: 98774
	Av.s pid count: 98316
	Faces fs count: 111467
	Faces ff count: 0
	Faces ss count: 0
	Faces bb count: 0
	Faces fe count: 31492
	Faces se count: 6250
	Faces fw count: 149209
	Faces af count: 2448430
	Faces as count: 492269
	Time (all count): 	0.064 s
	Time (bcf alloc): 	0.003 s
	Time (shifts alloc): 	0.023 s
	Time (shifts init): 	0.023 s
	Time (bcf fill): 	0.173 s
	Time (add av to faces): 0.010 s
	Time (add faces to av): 0.157 s
Time (bcf collect): 		0.514 s
	AV checker...
	Time (check av): 	0.187 s
	Subdomain checker...
		Subdomains construction time: 0.219 s.
		Subdomains sort time: 0.000 s.
			Subdomain 0 (geom_ind=0): 815690 av
			Subdomain 1 (geom_ind=1): 170062 av
		gi: 0, subdomains: 1, real bodies: 1
		gi: 1, subdomains: 1, real bodies: 0
		Defect subdomains: 0
	Time (check subdoms): 	0.226 s
Time (bcf iteration total): 	0.932 s
	Time (fw-nb): 		0.006 s
	Fixed mutual fw-nb:     15913 (bb: 0)
	Time (fw-nb mutual): 	0.010 s
	Time (fw-nb sort): 	0.003 s
	Fw-opt BEFORE total:    149209 (fs=111467, ff=0, ss=0)
	Fw-opt AFTER  total:    139240 (fs=101498, ff=0, ss=0, failed fw/br=0/0, big_curv=2, big_poly=0)
	Fw-opt RESULT:          9969 (res/(fs+ff+ss) = 8.94 %)
	Time (fw-opt): 		0.020 s
	Time (fw-re-order): 	0.025 s
	Time (fw-nb): 		0.031 s
	Fixed mutual fw-nb:     279545 (bb: 0)
	Time (fw-nb mutual): 	0.025 s
	Time (fw-nb sort): 	0.004 s
	Time (rfd fix): 	0.001 s
	Time (av convexity): 	0.022 s
	Time (av small volume): 0.007 s
	Time (diagonal fw-nb): 	0.094 s
	Fixed mutual fw-nb:     0 (bb: 0)
	Time (fw-nb mutual): 	0.011 s
	Time (fw-nb sort): 	0.005 s
	Fluid subdomains: 1
	Faces fw-nb diff sd:    0
	Time (fw-nb diff sd): 	0.220 s
Time (bcf calc): 		0.569 s
-----------------------------------------------------------------------
Time (bcf total): 		1.501 s
-----------------------------------------------------------------------
-----------------------------------------------------------------------
Mega-cv constructor for fluid...
	 0 av's is treated as thin
Relative size generator (threshold = 0.05)...
	Iteration 1 (small cluster count = 6237)
	Iteration 2 (small cluster count = 3336)
	Iteration 3 (small cluster count = 681)
	Iteration 4 (small cluster count = 39)
	Iteration 5 (small cluster count = 0)
	 6301 mega-cv's generated
	 64 mega-cv's removed
Relative size generator is completed OK (0.057 s)
Apply fa-rules to mega-cv clusters fixes...
OK (0.007 s)
Convert clusters:
	 6237 mega-cv's total
Mega-cv count: 6237
Time (mega-cv fill): 	0.004 s
Time (mega-cv total): 	0.371 s
-----------------------------------------------------------------------
Mixing plane rotation regions: NO.
Sliding mesh rotation regions: NO.
Fluid/fluid faces: NO.
----------------------------------------------------------
BCF --> BCF.GEOMSUBDOM (bridge arrays):
MESH (0):
	Fluid Subdom Constructor: 1 subdom(s).
	Solid Subdom Constructor: 1 subdom(s).
	Net Asm Subdom Constructor: 0 subdom(s).
	GEOMSUBDOM (0): gi=0 fluid av=815690 cv=809298 fa=2448430 fb=0 fw=132990 V=1.589102e+01
	Cache data...OK
	GEOMSUBDOM (1): gi=1 solid av=170062 cv=170062 fa=492269 fb=0 fw=107748 V=8.044276e-03
	Cache data...OK
	Setting nb of w-faces...OK (0.031 s).
	Correcting nb of w-faces...
	Time(correct_fw_nb)=0.022 s

MESH (0) checking:
	GEOMSUBDOM (0):fa_s=1156.0786164989538065 fb_s=0.0000000000000000 fw_s=41.5688786352949506 fw_nb=1066484
	              :d_const(436463)=3.53875e-11 d_linear(436463)=1.05831e-10
	GEOMSUBDOM (1):fa_s=4.7850113038377948 fb_s=0.0000000000000000 fw_s=0.8424900988742152 fw_nb=836518
	              :d_const(142904)=2.12489e-10 d_linear(113730)=1.96365e-09
MESH (0) checking: OK.
Time (MDS): 	1.515 s
----------------------------------------------------------

-----------------------------------------------------------------------
BCF CHECKSUM DATA (Mesh 0):

BRICK |Level1| Sum:               1814869
FACE_A Area Sum:   G.Fluid        1156.0786164989979170
FACE_A Area Sum:   G.Solid        4.7850113038377797
FACE_W Area Sum:                  41.6861319211156101
FACE_W Nb   Sum:                  1093378
FACE_W min curvatures sum:        3500.27241070
FACE_W max curvatures sum:        2338058.24490850
AV Max Disbalance(Const) :        2.12489e-10 (cid=339533, t={448, 134, 73}, avid=897217, pid=46475)
AV Max Disbalance(Linear):        1.96365e-09 (cid=46681, t={261, 146, 0}, avid=832007, pid=8803)
-----------------------------------------------------------------------


-----------------------------------------------------------------------
MESHER TOPOLOGY DATA:

BRICKS: Total                 886978
BRICKS: 1-CV                  788662
BRICKS: 2-CV                  97858
BRICKS: 3-CV                  458
BRICKS: Bad                   0

AV:     G.Total               985752
AV:     G.Fluid               815690
AV:     G.Solid               170062

AV:     G.Fluid Thin Profile    0.00 % (0)
AV:     G.Solid Thin Profile    0.27 % (458)

AV:     G.Fluid Thin For Mega   0.00 % (0)
AV:     G.Solid Thin For Mega   0.27 % (455)

AV:     G.Fluid Non-Convex      0.88 % (7206)
AV:     G.Solid Non-Convex      1.95 % (3319)

AV:     G.Fluid Non-Ess-Convex      0.19 % (1590)
AV:     G.Solid Non-Ess-Convex      0.29 % (496)

FACE_A: G.Fluid          (af) 2448430 (partially opened 197105)
FACE_A: G.Solid          (as) 492269 (partially opened 196189)

FACE_B: G.Total          (b)  0

FACE_W: G.Total                 139240      Brick/Bound
FACE_W: G.Fluid/Solid    (fs_g) 101498      0           
FACE_W: G.Fluid/Fluid    (ff_g) 0           0           
FACE_W: G.Solid/Solid    (ss_g) 0           0           
FACE_W: G.Fluid/External (fe_g) 31492
FACE_W: G.Solid/External (se_g) 6250

AV/CV max fa count (on brick side):4
AV/CV max fw count:                4
AV/CV max fb count:                0
AV/CV max fw poly count:           12

MEMORY: Total                   297.162 MB
MEMORY: Per Brick               0.343 KB
-----------------------------------------------------------------------

-----------------------------------------------------------------------
Connectivities information:
	Number of conns: 0
-----------------------------------------------------------------------
	Time (gap size): 	0.339 s
-----------------------------------------------------------------------
Calculating curvature and tolerance criteria...
Curvature: min=0 max=3.0268
Tolerance: min=0 max=0.00179844
Calculating curvature and tolerance criteria takes 0.186 s
-----------------------------------------------------------------------
MESH Build(FS) finished. Time=7.696 s
-----------------------------------------------------------------------
Current CPU = 8 sec

Nx=106
Ny=43
Nz=50
Max BRICK Level=3
Mesh Level=3
-----------------CModelBodies2MeshMapper::CollectData started -------------------------------
-----------------CModelBodies2MeshMapper Report -------------------------------
FluidDomains 1 SolidDomains 1 VoidDomains 0 
Domains RefIndexes
Domain 0, Index count 25
Domain 1, Index count 25
----------------- -------------------------------
	ModelBodies
Total resolved Bodies 0 BodySets 0

--------------------------------------------------------------------------
	Positive geometry Bodies
Total resolved Bodies 1 BodySets 1
BodySet 0
	Bodies list:
			#0	Name: ;	ID: bcf653be-39f9-42af-91c5-a6bf4678e43f
	Domains list:		 0 

--------------------------------------------------------------------------
	Fluid regions
Total resolved Bodies 1 BodySets 1
BodySet 0	Material: Air; 
	Bodies list:
			#0	Name: ;	ID: bcf653be-39f9-42af-91c5-a6bf4678e43f
	Domains list:		 0 

--------------------------------------------------------------------------
-----------------CModelBodies2MeshMapper::CollectData finished successfully-------------------
Saving initial mesh in: C:\Users\PC\Education\2024\FAKI_SKAT2024\Manufacturing\1\1.fld .
Storing results...
Estimated CPT size=121.615 MB.
	Time (write bcf): 3.136 s
OK
-----------------------------------------------------------------------
Memory Working Set Current = 1159.54 Mb, Memory Working Set Peak = 1164.96 Mb
Process Threads Number: 29
-----------------------------------------------------------------------
Cleaning memory...
		Time (free xsl):                    	0.018 s
Free Geometry DB takes 0.000 s
	Time (free bcf): 	0.183 s
		Time (free bcf mesh):               	0.545 s
	Time (free mesher data):              	0.564 s
Copying... OK
Mesh generation normally finished at	19.5.2024	12:48:27
Mesher CPU = 12 sec
Mesher is finished at	19.5.2024	12:48:27
-----------------------------------------------------------------------
Memory Working Set Current = 88.86 Mb, Memory Working Set Peak = 1164.96 Mb
Process Threads Number: 29
-----------------------------------------------------------------------
Algebra Pool      : mem_usage = 21.44 Mb, allocated count = 0
Log ended at 19.05.2024	12:48:27
