Log started at 22.05.2024	15:12:48
Number of used processors (NPROC): 12.
Number of mesh partitions (NPART): 12.
Total Physical Memory = 7.37 Gb, Available Physical Memory = 2.06 Gb
Computer name:	LAPTOP-EB2E7OE8
Operating system:	Windows 10 (or higher) (Version 10.0.19045)

SOLIDWORKS 2020 SP4.0
Flow Simulation 2020  x64 / 4995 / MESHER ver. efd_dev.4663_05.07.2019 

Project: C:\Users\PC\Education\2024\FAKI_SKAT2024\Manufacturing\Model\Study1\1\Parametric Study 2\7\7.xmlconfig
Configuration name: Default
Project name: Study
NGK: OFF
MBO: OFF

Mesh generation started:	22.5.2024	15:12:48
-----------------------------------------------------------------------
Mesher option run = eRunMesherNormal
-----------------------------------------------------------------------
Current CPU = 0 sec
-----------------------------------------------------------------------
Geometries initialization:
-----------------------------------------------------------------------
Loading mesh settings (global/local)...
-----------------------------------------------------------------------
Number of geometries from DB: 1
Geometry(0):
	Guid = {00000000-0000-0000-0000-000000000000}
	Fluid..
	1 Body.
	1 Real body.
	-- Bodyset 0 --
		Tolerance=0.000157226.
		29 Face(s).
			29 of b-spline type.
		0 Face(s) that have no ref faces
		8 Plane surface(s).
		4 Cylinder surface(s).
		10 B- surface(s).
		7 Extrude surface(s).
		5520 Triangle(s).
		Getting triangle connectivities from DB: 0.001 s
		79 Edge(s).
			79 of b-spline type.
		BodyGeom reading: 0.006 s.
		28 Reference Face(s).
		5316 Reference Triangles.
		Getting triangle connectivities from DB (Ref): 0.001 s
		BodyGeom Ref reading: 0.001 s.
		Getting triangle connectivities from DB (Extra Triangulation): 0.001 s
Geometry(1):
	Solid.
	-- Bodyset 1 --
	Empty
-----------------------------------------------------------------------
Number of geometries in task: 2
Number of bodysets   in task: 2
-----------------------------------------------------------------------
	Making hash and connectivity for Bodyset ...
		CBodyGeom:
		Hash size: {100, 43, 37}.
		Mesh size: {100, 43, 37}.
		Hashing triangles...Ok.
			axis(0) tr sizes: average=90 max=676
			axis(1) tr sizes: average=27 max=376
			axis(2) tr sizes: average=21 max=160
		Number of t-connected sets:1
			(0) size=5520
		Done.
		CBodyGeomRef:
		Hashing triangles...Ok.
			axis(0) tr sizes: average=75 max=471
			axis(1) tr sizes: average=26 max=361
			axis(2) tr sizes: average=16 max=151
		Done.
	0.00836 s.
Geometries reading and preparing has taken 0.019 s.

Mapped triangles:
Hashing mesh regions data
	Triangles num=414
	Triangles box={3.55096e-05  ,1.11275  ,-0.0179169  ,0.2  ,-0.225  ,1  }
		3d-hash size is 652000 bytes
Hashing geometries triangles
	Triangles num=5520
	Triangles box={-0.179952  ,1.11275  ,-0.114401  ,0.2  ,-0.001524  ,1  }
		3d-hash size is 699580 bytes
Hashing peculiar surfaces triangles
Mapped triangles processed in 0.018 s.
-----------------------------------------------------------------------
Getting sectors:
Number of sectors: 0
-----------------------------------------------------------------------
-----------------------------------------------------------------------

Current CPU = 0 sec

-----------------------------------------------------------------------
Mesh dimensions:
				I[0 ]=100
				I[1 ]=43
				I[2 ]=37

Comp. domain size:
				a[0  ]=-0.95262
				a[1  ]=4.16936
				a[2  ]=-0.765507
				a[3  ]=1.34841
				a[4  ]=0
				a[5  ]=1.524

Fluid calculated			1
Solid calculated			0
-----------------------------------------------------------------------
MESH Build started...
-----------------------------------------------------------------------
Mesh LEVEL = 3
-----------------------------------------------------------------------
Setting regions...OK (0.002 s)
Base mesh info------------------
	2D flag  =0
	Period   =[0, 0, 0]
	Nx=100
		x[0]=-0.95262
		x[1]=-0.886368
		x[2]=-0.823165
		x[3]=-0.76285
		x[4]=-0.705292
		x[5]=-0.650365
		x[6]=-0.597948
		x[7]=-0.547926
		x[8]=-0.500191
		x[9]=-0.454637
		x[10]=-0.411165
		x[11]=-0.36968
		x[12]=-0.330091
		x[13]=-0.292311
		x[14]=-0.256257
		x[15]=-0.218222
		x[16]=-0.180187
		x[17]=-0.142151
		x[18]=-0.104116
		x[19]=-0.0660813
		x[20]=-0.0280462
		x[21]=0.00998893
		x[22]=0.048024
		x[23]=0.0860591
		x[24]=0.124094
		x[25]=0.162129
		x[26]=0.200164
		x[27]=0.2382
		x[28]=0.276235
		x[29]=0.31427
		x[30]=0.352305
		x[31]=0.39034
		x[32]=0.428375
		x[33]=0.46641
		x[34]=0.503478
		x[35]=0.540545
		x[36]=0.577613
		x[37]=0.614681
		x[38]=0.651749
		x[39]=0.688817
		x[40]=0.725884
		x[41]=0.762952
		x[42]=0.80002
		x[43]=0.837088
		x[44]=0.874156
		x[45]=0.911223
		x[46]=0.948291
		x[47]=0.985359
		x[48]=1.02243
		x[49]=1.05949
		x[50]=1.09656
		x[51]=1.13363
		x[52]=1.1707
		x[53]=1.20777
		x[54]=1.24483
		x[55]=1.2819
		x[56]=1.31897
		x[57]=1.35604
		x[58]=1.3931
		x[59]=1.43017
		x[60]=1.46724
		x[61]=1.50431
		x[62]=1.54138
		x[63]=1.57844
		x[64]=1.61551
		x[65]=1.65258
		x[66]=1.68965
		x[67]=1.72671
		x[68]=1.76378
		x[69]=1.80085
		x[70]=1.83792
		x[71]=1.87499
		x[72]=1.91211
		x[73]=1.95108
		x[74]=1.99197
		x[75]=2.03489
		x[76]=2.07993
		x[77]=2.1272
		x[78]=2.17681
		x[79]=2.22887
		x[80]=2.28351
		x[81]=2.34085
		x[82]=2.40103
		x[83]=2.46419
		x[84]=2.53048
		x[85]=2.60005
		x[86]=2.67306
		x[87]=2.74968
		x[88]=2.83009
		x[89]=2.91448
		x[90]=3.00305
		x[91]=3.096
		x[92]=3.19356
		x[93]=3.29594
		x[94]=3.40338
		x[95]=3.51615
		x[96]=3.63449
		x[97]=3.75869
		x[98]=3.88904
		x[99]=4.02583
		x[100]=4.16936
	Ny=43
		y[0]=-0.765507
		y[1]=-0.703513
		y[2]=-0.64453
		y[3]=-0.588397
		y[4]=-0.534975
		y[5]=-0.484135
		y[6]=-0.43575
		y[7]=-0.389702
		y[8]=-0.345879
		y[9]=-0.304173
		y[10]=-0.264481
		y[11]=-0.226707
		y[12]=-0.190758
		y[13]=-0.151834
		y[14]=-0.11291
		y[15]=-0.0739861
		y[16]=-0.0350624
		y[17]=0.00386131
		y[18]=0.042785
		y[19]=0.0812834
		y[20]=0.119782
		y[21]=0.15828
		y[22]=0.196779
		y[23]=0.235277
		y[24]=0.273776
		y[25]=0.312274
		y[26]=0.348635
		y[27]=0.386866
		y[28]=0.42706
		y[29]=0.469319
		y[30]=0.513749
		y[31]=0.560462
		y[32]=0.609574
		y[33]=0.661209
		y[34]=0.715497
		y[35]=0.772575
		y[36]=0.832584
		y[37]=0.895676
		y[38]=0.962009
		y[39]=1.03175
		y[40]=1.10507
		y[41]=1.18216
		y[42]=1.26322
		y[43]=1.34841
	Nz=37
		z[0]=0
		z[1]=0.037701
		z[2]=0.0753933
		z[3]=0.113086
		z[4]=0.150778
		z[5]=0.18847
		z[6]=0.226163
		z[7]=0.263855
		z[8]=0.301547
		z[9]=0.339239
		z[10]=0.376932
		z[11]=0.414624
		z[12]=0.452316
		z[13]=0.490009
		z[14]=0.527701
		z[15]=0.565393
		z[16]=0.603086
		z[17]=0.640778
		z[18]=0.67847
		z[19]=0.716163
		z[20]=0.753855
		z[21]=0.791547
		z[22]=0.829239
		z[23]=0.866932
		z[24]=0.904624
		z[25]=0.942316
		z[26]=0.980009
		z[27]=1.0181
		z[28]=1.05814
		z[29]=1.10021
		z[30]=1.14444
		z[31]=1.19091
		z[32]=1.23976
		z[33]=1.2911
		z[34]=1.34506
		z[35]=1.40177
		z[36]=1.46137
		z[37]=1.524
End of base mesh info---------
Input_mesh_settings--------------------------------
Settings 0----------------
	Scope: GLOBAL
	Type:	------MESHER_SETTINGS----------
	RefAllCells           =0
	RefFluidCells         =0
	RefPartCells          =0
	RefSolidCells         =0
	l_SSFR(Capture crit)  =1
	l_curv(Curvature crit)=0
	l_tol(Tolerance crit) =0
	UseChannelRef         =1
	  NCR_method          =0
	  l_NCR               =1
	  N_gap               =10
	  Use d_NCR_min       =0
	  Use d_NCR_max       =0
	IgnoreThinChannelsHeight         =0
	--END_OF_MESHER_SETTINGS-------
Settings 1----------------
	Scope: SURFACE
	Type:	------MESHER_SETTINGS----------
	RefAllCells           =0
	RefFluidCells         =0
	RefPartCells          =0
	RefSolidCells         =0
	l_SSFR(Capture crit)  =0
	l_curv(Curvature crit)=0
	l_tol(Tolerance crit) =0
	UseChannelRef         =0
	IgnoreThinChannelsHeight         =0
	Distance-level settings ON
	Distance-level settings count 2
	  Distance-level settings pair: {level=3, dist=0.005}
	  Distance-level settings pair: {level=2, dist=0.04}
	--END_OF_MESHER_SETTINGS-------
End of input mesh settings-------------------------

-----------------------------------------------------------------------
Building geometries:
-----------------------------------------------------------------------
Building body-set (0) of geometry Fluid.0.(0). ...

-----------------------------------------------------------------------
Refining by triangulation...
Refinement input: 159100 bricks
Setting regions...OK (0.003 s)
Setting regions...OK (0.003 s)
Setting regions...OK (0.003 s)
Refinement result: 164812 bricks (0.083 s)
Refinement input: 164812 bricks
Refinement result: 164812 bricks (0.006 s)
Collecting and processing rays...OK (0.059 s)
Capturing...OK (0.010 s)
Refining by triangulation takes 0.16 s
-----------------------------------------------------------------------

-----------------------------------------------------------------------
Refining peculiar surfaces...
0 surfaces refined
Refining peculiar surfaces takes 0 s
-----------------------------------------------------------------------
Collecting and processing rays...OK (0.002 s)
Capturing...OK (0.001 s)
Collecting and processing rays...OK (0.001 s)
Capturing...OK (0.001 s)
Collecting and processing rays...OK (0.002 s)
Capturing...OK (0.001 s)

-----------------------------------------------------------------------
Base mesh 1 Refining...
Refinement input: 164812 bricks
Refinement result: 164812 bricks (0.003 s)
Collecting and processing rays...OK (0.002 s)
Capturing...OK (0.001 s)
-----------------------------------------------------------------------
Refining channels...
FYI: CNarrowChannelRefiner::RefineChannels_PRLL
FYI: m_iteration_count = 0
FYI: level1 statistics:
     level1_cnt_plus[1]=0;		level1_cnt_minus[1]=0
     level1_cnt_plus[2]=0;		level1_cnt_minus[2]=0
     level1_cnt_plus[3]=0;		level1_cnt_minus[3]=0
     level1_cnt_plus[4]=0;		level1_cnt_minus[4]=0
     level1_cnt_plus[5]=0;		level1_cnt_minus[5]=0
     level1_cnt_plus[6]=0;		level1_cnt_minus[6]=0
     level1_cnt_plus[7]=0;		level1_cnt_minus[7]=0
     level1_cnt_plus[8]=0;		level1_cnt_minus[8]=0
     level1_cnt_plus[9]=0;		level1_cnt_minus[9]=0
FYI: level1 statistics:
     level1_cnt_plus[1]=0;		level1_cnt_minus[1]=0
     level1_cnt_plus[2]=0;		level1_cnt_minus[2]=0
     level1_cnt_plus[3]=0;		level1_cnt_minus[3]=0
     level1_cnt_plus[4]=0;		level1_cnt_minus[4]=0
     level1_cnt_plus[5]=0;		level1_cnt_minus[5]=0
     level1_cnt_plus[6]=0;		level1_cnt_minus[6]=0
     level1_cnt_plus[7]=0;		level1_cnt_minus[7]=0
     level1_cnt_plus[8]=0;		level1_cnt_minus[8]=0
     level1_cnt_plus[9]=0;		level1_cnt_minus[9]=0

-----------------------------------------------------------------------
U-shapes refinement...
Refinement input: 164812 bricks
Refinement result: 164812 bricks (0.011 s)
Collecting and processing rays...OK (0.002 s)
Capturing...OK (0.001 s)
-----------------------------------------------------------------------

-----------------------------------------------------------------------
Equi Distant Refiner:
- Object 0 refiner:
Marking bricks(14021) (distance calculation, calls=12521) takes 0.00 s
Refinement input: 164812 bricks
Setting regions...OK (0.002 s)
Refinement result: 186470 bricks (0.026 s)
Collecting and processing rays...OK (0.026 s)
Capturing...OK (0.003 s)
Marking bricks(24752) (distance calculation, calls=19224) takes 0.02 s
Refinement input: 186470 bricks
Setting regions...OK (0.003 s)
Refinement result: 221197 bricks (0.037 s)
Collecting and processing rays...OK (0.020 s)
Capturing...OK (0.005 s)
Marking bricks(39688) (distance calculation, calls=22978) takes 0.02 s
Refinement input: 221197 bricks
Setting regions...OK (0.004 s)
Refinement result: 261377 bricks (0.045 s)
Collecting and processing rays...OK (0.042 s)
Capturing...OK (0.006 s)
Marking bricks(45920) (distance calculation, calls=4844) takes 0.00 s
Refinement input: 261377 bricks
Setting regions...OK (0.001 s)
Refinement result: 261377 bricks (0.033 s)
Collecting and processing rays...OK (0.002 s)
Capturing...OK (0.001 s)
- Object 0 refiner takes 0.31 s
Equi Distant Refiner takes 0.31 s
-----------------------------------------------------------------------
Building geometry takes 0.615 s
Geometry Fluid.0.
Total		261377
Partial	30833
Fluid		212945
Solid		17599
Bad		0

/-Ray Intersection---------------/ Time	0.338 s
Calls			31735
CorrectRay Calls	0



-----------------------------------------------------------------------
Building geometries takes 0.629 s
-----------------------------------------------------------------------

-----------------------------------------------------------------------
PostBuilding geometries:
-----------------------------------------------------------------------
PostBuilding body-set (0) geometry Fluid.0. (0)...
Collecting and processing rays...OK (0.002 s)
Capturing...OK (0.001 s)
PostBuilding geometry takes 0.006 s
Geometry Fluid.0.
Total		261377
Partial	30833
Fluid		212945
Solid		17599
Bad		0

-----------------------------------------------------------------------
PostBuilding geometries takes 0.019 s
-----------------------------------------------------------------------
Defect ray count	0
FYI: CNarrowChannelRefiner::RedistributeLevel1_step_1: is finished
FYI: level1 statistics:
     level1_cnt_plus[1]=4823;		level1_cnt_minus[1]=0
     level1_cnt_plus[2]=35347;		level1_cnt_minus[2]=0
     level1_cnt_plus[3]=59753;		level1_cnt_minus[3]=0
     level1_cnt_plus[4]=0;		level1_cnt_minus[4]=0
     level1_cnt_plus[5]=0;		level1_cnt_minus[5]=0
     level1_cnt_plus[6]=0;		level1_cnt_minus[6]=0
     level1_cnt_plus[7]=0;		level1_cnt_minus[7]=0
     level1_cnt_plus[8]=0;		level1_cnt_minus[8]=0
     level1_cnt_plus[9]=0;		level1_cnt_minus[9]=0
FYI: CNarrowChannelRefiner::RedistributeLevel1_step_2: is started
FYI: CNarrowChannelRefiner::RedistributeLevel1_step_2: is finished
FYI: level1 statistics:
     level1_cnt_plus[1]=4850;		level1_cnt_minus[1]=0
     level1_cnt_plus[2]=35348;		level1_cnt_minus[2]=0
     level1_cnt_plus[3]=59753;		level1_cnt_minus[3]=0
     level1_cnt_plus[4]=0;		level1_cnt_minus[4]=0
     level1_cnt_plus[5]=0;		level1_cnt_minus[5]=0
     level1_cnt_plus[6]=0;		level1_cnt_minus[6]=0
     level1_cnt_plus[7]=0;		level1_cnt_minus[7]=0
     level1_cnt_plus[8]=0;		level1_cnt_minus[8]=0
     level1_cnt_plus[9]=0;		level1_cnt_minus[9]=0
FYI: CNarrowChannelRefiner::RedistributeLevel1_step_3: is started
FYI: CNarrowChannelRefiner::RedistributeLevel1_step_3: is finished
RedistributeLevel1 takes:
FYI: level1 statistics:
     level1_cnt_plus[1]=4850;		level1_cnt_minus[1]=425
     level1_cnt_plus[2]=35348;		level1_cnt_minus[2]=1725
     level1_cnt_plus[3]=59753;		level1_cnt_minus[3]=1362
     level1_cnt_plus[4]=0;		level1_cnt_minus[4]=0
     level1_cnt_plus[5]=0;		level1_cnt_minus[5]=0
     level1_cnt_plus[6]=0;		level1_cnt_minus[6]=0
     level1_cnt_plus[7]=0;		level1_cnt_minus[7]=0
     level1_cnt_plus[8]=0;		level1_cnt_minus[8]=0
     level1_cnt_plus[9]=0;		level1_cnt_minus[9]=0
-----------------------------------------------------------------------
MSH format builder (Iteration 0)
-----------------------------------------------------------------------
Memory Working Set Current = 97.79 Mb, Memory Working Set Peak = 112.35 Mb
Process Threads Number: 29
-----------------------------------------------------------------------
Loading geometries triangulation & x-stacks...OK
x-stacks size = 1.17 Mb
Total bricks count: 261377
-----------------------------------------------------------------------
MSH (Real Geometry) format constructor:
	Getting brick sets...OK (0.005 s)
	Min x-stack xeps = 0.000762041
	D / dh / eps [axis=0] = (5.12197, 0.00463347, 4.63347e-06)
	D / dh / eps [axis=1] = (2.11391, 0.00481229, 4.81229e-06)
	D / dh / eps [axis=2] = (1.524, 0.00471154, 4.71154e-06)
	Time (xeps): 0.002 s
Level 3
	Set (0)  size: 30600
	Set (0)  time: 0.109 s
	Set (1)  size: 30600
	Set (1)  time: 0.103 s
Level 2
	Set (0)  size: 18810
	Set (0)  time: 0.006 s
	Set (1)  size: 18812
	Set (1)  time: 0.005 s
Level 1
	Set (0)  size: 2378
	Set (0)  time: 0.002 s
	Set (1)  size: 2379
	Set (1)  time: 0.002 s
Level 0
	Set (0)  size: 78901
	Set (0)  time: 0.013 s
	Set (1)  size: 78897
	Set (1)  time: 0.014 s
Result:
	Bricks number:                        261377

	Memory usage:                         16.520 MB
	Memory usage (per brick):             0.065 KB
	Construction time:                    0.264 s

	Topology features:
	------------------
	- High quality bricks                 100.00 % (261375)
	- Medium quality bricks                 0.00 % (2)
	- Bad quality bricks                    0.00 % (0)
	- Ribs corrected bricks                 0.00 % (0)
	- Points with geom-info (bricks)        0.04 % (98)
	- Points with closest-info (bricks)     0.00 % (0)
	- Triangulated by center (bricks)       0.00 % (3)
	- Facet w-faces mergings (bricks)       0.00 % (0)
	- To refine (bricks)                    0.00 % (0)

-----------------------------------------------------------------------
Memory Working Set Current = 154.03 Mb, Memory Working Set Peak = 154.03 Mb
Process Threads Number: 29
-----------------------------------------------------------------------
-----------------------------------------------------------------------
-----------------------------------------------------------------------
MSH --> BCF format (Iteration 0)...
BCF collector...(remove mode=0)
	Time (alloc counter per brick): 0.006 s
	Brick    count: 261377
	Av.f all count: 243872
	Av.s all count: 48526
	Av.f pid count: 31021
	Av.s pid count: 30927
	Faces fs count: 32991
	Faces ff count: 0
	Faces ss count: 0
	Faces bb count: 0
	Faces fe count: 19844
	Faces se count: 1569
	Faces fw count: 54404
	Faces af count: 726559
	Faces as count: 136549
	Time (all count): 	0.019 s
	Time (bcf alloc): 	0.001 s
	Time (shifts alloc): 	0.010 s
	Time (shifts init): 	0.010 s
	Time (bcf fill): 	0.049 s
	Time (add av to faces): 0.003 s
	Time (add faces to av): 0.043 s
Time (bcf collect): 		0.154 s
	AV checker...
	Time (check av): 	0.049 s
	Subdomain checker...
		Subdomains construction time: 0.062 s.
		Subdomains sort time: 0.000 s.
			Subdomain 0 (geom_ind=0): 243872 av
			Subdomain 1 (geom_ind=1): 48526 av
		gi: 0, subdomains: 1, real bodies: 1
		gi: 1, subdomains: 1, real bodies: 0
		Defect subdomains: 0
	Time (check subdoms): 	0.065 s
Time (bcf iteration total): 	0.270 s
	Time (fw-nb): 		0.002 s
	Fixed mutual fw-nb:     3318 (bb: 0)
	Time (fw-nb mutual): 	0.004 s
	Time (fw-nb sort): 	0.001 s
	Fw-opt BEFORE total:    54404 (fs=32991, ff=0, ss=0)
	Fw-opt AFTER  total:    53789 (fs=32376, ff=0, ss=0, failed fw/br=0/0, big_curv=8, big_poly=0)
	Fw-opt RESULT:          615 (res/(fs+ff+ss) = 1.86 %)
	Time (fw-opt): 		0.006 s
	Time (fw-re-order): 	0.008 s
	Time (fw-nb): 		0.010 s
	Fixed mutual fw-nb:     107878 (bb: 0)
	Time (fw-nb mutual): 	0.010 s
	Time (fw-nb sort): 	0.002 s
	Time (rfd fix): 	0.000 s
	Time (av convexity): 	0.006 s
	Time (av small volume): 0.002 s
	Time (diagonal fw-nb): 	0.033 s
	Fixed mutual fw-nb:     0 (bb: 0)
	Time (fw-nb mutual): 	0.005 s
	Time (fw-nb sort): 	0.002 s
	Fluid subdomains: 1
	Faces fw-nb diff sd:    0
	Time (fw-nb diff sd): 	0.066 s
Time (bcf calc): 		0.184 s
-----------------------------------------------------------------------
Time (bcf total): 		0.454 s
-----------------------------------------------------------------------
-----------------------------------------------------------------------
Mega-cv constructor for fluid...
	 0 av's is treated as thin
Relative size generator (threshold = 0.05)...
	Iteration 1 (small cluster count = 1933)
	Iteration 2 (small cluster count = 1103)
	Iteration 3 (small cluster count = 274)
	Iteration 4 (small cluster count = 28)
	Iteration 5 (small cluster count = 0)
	 1929 mega-cv's generated
	 3 mega-cv's removed
Relative size generator is completed OK (0.017 s)
Apply fa-rules to mega-cv clusters fixes...
	Fa-rule violation fixes:        7 of        7 (total cluster# =     1927)
OK (0.002 s)
Convert clusters:
	 1927 mega-cv's total
Mega-cv count: 1927
Time (mega-cv fill): 	0.002 s
Time (mega-cv total): 	0.126 s
-----------------------------------------------------------------------
Mixing plane rotation regions: NO.
Sliding mesh rotation regions: NO.
Fluid/fluid faces: NO.
----------------------------------------------------------
BCF --> BCF.GEOMSUBDOM (bridge arrays):
MESH (0):
	Fluid Subdom Constructor: 1 subdom(s).
	Solid Subdom Constructor: 1 subdom(s).
	Net Asm Subdom Constructor: 0 subdom(s).
	GEOMSUBDOM (0): gi=0 fluid av=243872 cv=241933 fa=726559 fb=0 fw=52220 V=1.649235e+01
	Cache data...OK
	GEOMSUBDOM (1): gi=1 solid av=48526 cv=48526 fa=136549 fb=0 fw=33945 V=8.644368e-03
	Cache data...OK
	Setting nb of w-faces...OK (0.011 s).
	Correcting nb of w-faces...
	Time(correct_fw_nb)=0.008 s

MESH (0) checking:
	GEOMSUBDOM (0):fa_s=1047.3809812110525854 fb_s=0.0000000000000000 fw_s=44.3199055497528818 fw_nb=418028
	              :d_const(90833)=1.45786e-11 d_linear(115893)=3.7006e-11
	GEOMSUBDOM (1):fa_s=3.1321182505101515 fb_s=0.0000000000000000 fw_s=0.8443979319612648 fw_nb=264898
	              :d_const(38474)=2.20563e-10 d_linear(38474)=7.90246e-10
MESH (0) checking: OK.
Time (MDS): 	0.508 s
----------------------------------------------------------

-----------------------------------------------------------------------
BCF CHECKSUM DATA (Mesh 0):

BRICK |Level1| Sum:               262766
FACE_A Area Sum:   G.Fluid        1047.3809812110648636
FACE_A Area Sum:   G.Solid        3.1321182505101497
FACE_W Area Sum:                  44.4370701007653750
FACE_W Nb   Sum:                  424710
FACE_W min curvatures sum:        -1809.65206483
FACE_W max curvatures sum:        1418497.16989669
AV Max Disbalance(Const) :        2.20563e-10 (cid=212950, t={184, 133, 212}, avid=291562, pid=30337)
AV Max Disbalance(Linear):        7.90246e-10 (cid=212950, t={184, 133, 212}, avid=291562, pid=30337)
-----------------------------------------------------------------------


-----------------------------------------------------------------------
MESHER TOPOLOGY DATA:

BRICKS: Total                 261377
BRICKS: 1-CV                  230450
BRICKS: 2-CV                  30833
BRICKS: 3-CV                  94
BRICKS: Bad                   0

AV:     G.Total               292398
AV:     G.Fluid               243872
AV:     G.Solid               48526

AV:     G.Fluid Thin Profile    0.00 % (0)
AV:     G.Solid Thin Profile    0.19 % (94)

AV:     G.Fluid Thin For Mega   0.00 % (0)
AV:     G.Solid Thin For Mega   0.19 % (91)

AV:     G.Fluid Non-Convex      0.51 % (1234)
AV:     G.Solid Non-Convex      0.55 % (268)

AV:     G.Fluid Non-Ess-Convex      0.42 % (1015)
AV:     G.Solid Non-Ess-Convex      0.44 % (214)

FACE_A: G.Fluid          (af) 726559 (partially opened 61970)
FACE_A: G.Solid          (as) 136549 (partially opened 61782)

FACE_B: G.Total          (b)  0

FACE_W: G.Total                 53789       Brick/Bound
FACE_W: G.Fluid/Solid    (fs_g) 32376       0           
FACE_W: G.Fluid/Fluid    (ff_g) 0           0           
FACE_W: G.Solid/Solid    (ss_g) 0           0           
FACE_W: G.Fluid/External (fe_g) 19844
FACE_W: G.Solid/External (se_g) 1569

AV/CV max fa count (on brick side):5
AV/CV max fw count:                5
AV/CV max fb count:                0
AV/CV max fw poly count:           14

MEMORY: Total                   89.799 MB
MEMORY: Per Brick               0.352 KB
-----------------------------------------------------------------------

-----------------------------------------------------------------------
Connectivities information:
	Number of conns: 0
-----------------------------------------------------------------------
	Time (gap size): 	0.105 s
-----------------------------------------------------------------------
Calculating curvature and tolerance criteria...
Curvature: min=0 max=3.14159
Tolerance: min=0 max=0.0165436
Calculating curvature and tolerance criteria takes 0.084 s
-----------------------------------------------------------------------
MESH Build(FS) finished. Time=2.591 s
-----------------------------------------------------------------------
Current CPU = 3 sec

Nx=100
Ny=43
Nz=37
Max BRICK Level=3
Mesh Level=3
-----------------CModelBodies2MeshMapper::CollectData started -------------------------------
-----------------CModelBodies2MeshMapper Report -------------------------------
FluidDomains 1 SolidDomains 1 VoidDomains 0 
Domains RefIndexes
Domain 0, Index count 27
Domain 1, Index count 27
----------------- -------------------------------
	ModelBodies
Total resolved Bodies 0 BodySets 0

--------------------------------------------------------------------------
	Positive geometry Bodies
Total resolved Bodies 1 BodySets 1
BodySet 0
	Bodies list:
			#0	Name: ;	ID: 19b75566-d176-466c-a4ee-450ac2289509
	Domains list:		 0 

--------------------------------------------------------------------------
	Fluid regions
Total resolved Bodies 1 BodySets 1
BodySet 0	Material: Air; 
	Bodies list:
			#0	Name: ;	ID: 19b75566-d176-466c-a4ee-450ac2289509
	Domains list:		 0 

--------------------------------------------------------------------------
-----------------CModelBodies2MeshMapper::CollectData finished successfully-------------------
Saving initial mesh in: C:\Users\PC\Education\2024\FAKI_SKAT2024\Manufacturing\Model\Study1\1\Parametric Study 2\7\7.fld .
Storing results...
Estimated CPT size=36.853 MB.
	Time (write bcf): 0.919 s
OK
-----------------------------------------------------------------------
Memory Working Set Current = 378.46 Mb, Memory Working Set Peak = 379.73 Mb
Process Threads Number: 29
-----------------------------------------------------------------------
Cleaning memory...
		Time (free xsl):                    	0.004 s
Free Geometry DB takes 0.000 s
	Time (free bcf): 	0.049 s
		Time (free bcf mesh):               	0.146 s
	Time (free mesher data):              	0.152 s
Copying... OK
Mesh generation normally finished at	22.5.2024	15:12:52
Mesher CPU = 4 sec
Mesher is finished at	22.5.2024	15:12:52
-----------------------------------------------------------------------
Memory Working Set Current = 57.32 Mb, Memory Working Set Peak = 379.73 Mb
Process Threads Number: 29
-----------------------------------------------------------------------
Algebra Pool      : mem_usage = 6.75 Mb, allocated count = 0
Log ended at 22.05.2024	15:12:52
